# conda environments:
#
balancinggroups          /private/home/kartikahuja/.conda/envs/balancinggroups
                      *  /private/home/kartikahuja/.conda/envs/balancinggroups/envs/in-context-learning
in-context-learning      /private/home/kartikahuja/.conda/envs/in-context-learning
my_env                   /private/home/kartikahuja/.conda/envs/my_env
base                     /public/apps/anaconda3/2022.05

Quinfig
-------
config: confs/linear_regression_icl1.yaml
data:
  data_dim: 10
  noise: true
  num_examples: 10000000
  prompt_max_len_test: 50
  prompt_max_len_train: 50
model:
  activations:
  - ReLU
  architecture: MLP_small
  batch_norms:
  - true
  dropouts:
  - 0.0
  input_dim: 11
  layer_norms:
  - false
  lr: 0.001
  num_epochs: 500
  output_dim: 1
  psi_hidden_dim: 500
  psi_output_dim: 100
  rho_hidden_dim: 500
  rho_output_dim: 100
  xi_hidden_dim: 500
out_dir: /private/home/kartikahuja/icl/models/
wandb_entity: kartik-ahuja

