# conda environments:
#
base                     /private/home/kartikahuja/.conda/envs/balancinggroups
in-context-learning   *  /private/home/kartikahuja/.conda/envs/balancinggroups/envs/in-context-learning
in-context-learning      /private/home/kartikahuja/.conda/envs/in-context-learning
my_env                   /private/home/kartikahuja/.conda/envs/my_env

Quinfig
-------
config: confs/linear_regression_icl0.yaml
data:
  data_dim: 10
  noise: true
  num_examples: 10000000
  prompt_max_len_test: 50
  prompt_max_len_train: 50
model:
  activations:
  - ReLU
  architecture: MLP_vvsmall
  batch_norms:
  - true
  dropouts:
  - 0.0
  input_dim: 11
  layer_norms:
  - false
  lr: 0.001
  num_epochs: 500
  output_dim: 1
  psi_hidden_dim: 500
  psi_output_dim: 100
  rho_hidden_dim: 500
  rho_output_dim: 100
  xi_hidden_dim: 500
out_dir: /private/home/kartikahuja/icl/models/
wandb_entity: kartik-ahuja

MLPset(
  (psi): Sequential(
    (0): Linear(in_features=11, out_features=100, bias=True)
  )
  (rho): Sequential(
    (0): Linear(in_features=100, out_features=100, bias=True)
  )
  (xi): Sequential(
    (0): Linear(in_features=110, out_features=500, bias=True)
    (1): BatchNorm1d(500, eps=1e-05, momentum=0.1, affine=True, track_running_stats=True)
    (2): ReLU()
    (3): Linear(in_features=500, out_features=1, bias=True)
  )
)
/private/home/kartikahuja/icl/models/run_2o26agr0/model_checkpoint_100.pt
/private/home/kartikahuja/icl/models/run_2o26agr0/model_checkpoint_200.pt
/private/home/kartikahuja/icl/models/run_2o26agr0/model_checkpoint_300.pt
/private/home/kartikahuja/icl/models/run_2o26agr0/model_checkpoint_400.pt
/private/home/kartikahuja/icl/models/run_2o26agr0/model_checkpoint_500.pt
Checkpoint index: 100, Loss values: [10.960799217224121, 10.494926452636719, 10.384380340576172, 10.387466430664062, 10.3497896194458, 10.355558395385742, 10.298859596252441, 10.250264167785645, 10.24098014831543, 10.2791109085083, 10.248252868652344, 10.273431777954102, 10.212368965148926, 10.199078559875488, 10.273709297180176, 10.217781066894531, 10.102289199829102, 10.207742691040039, 10.250720024108887, 10.267888069152832, 10.241813659667969, 10.189021110534668, 10.187704086303711, 10.205981254577637, 10.239995956420898, 10.158602714538574, 10.177559852600098, 10.195866584777832, 10.194233894348145, 10.221163749694824, 10.262203216552734, 10.22906494140625, 10.232476234436035, 10.216920852661133, 10.236075401306152, 10.247339248657227, 10.27750015258789, 10.289613723754883, 10.207830429077148, 10.193013191223145, 10.275156021118164, 10.289377212524414, 10.231877326965332, 10.225143432617188, 10.215415000915527, 10.30963134765625, 10.26260757446289, 10.269943237304688, 10.209233283996582]
Checkpoint index: 200, Loss values: [10.959029197692871, 10.491231918334961, 10.377090454101562, 10.389482498168945, 10.346382141113281, 10.357669830322266, 10.298422813415527, 10.248555183410645, 10.243428230285645, 10.280166625976562, 10.250813484191895, 10.274638175964355, 10.210216522216797, 10.19917106628418, 10.271626472473145, 10.21318531036377, 10.103633880615234, 10.208564758300781, 10.247888565063477, 10.268577575683594, 10.241579055786133, 10.185803413391113, 10.18606948852539, 10.206461906433105, 10.234843254089355, 10.158029556274414, 10.172633171081543, 10.192744255065918, 10.189481735229492, 10.214544296264648, 10.258524894714355, 10.22314167022705, 10.228476524353027, 10.211362838745117, 10.228086471557617, 10.244067192077637, 10.273956298828125, 10.281797409057617, 10.200565338134766, 10.189699172973633, 10.267359733581543, 10.28046703338623, 10.227350234985352, 10.217884063720703, 10.21120834350586, 10.30364990234375, 10.255695343017578, 10.258262634277344, 10.198373794555664]
Checkpoint index: 300, Loss values: [10.930875778198242, 10.482165336608887, 10.370625495910645, 10.382423400878906, 10.345720291137695, 10.354022026062012, 10.29548168182373, 10.246349334716797, 10.247203826904297, 10.281791687011719, 10.246432304382324, 10.27259349822998, 10.214675903320312, 10.200116157531738, 10.276834487915039, 10.222932815551758, 10.10261344909668, 10.21240520477295, 10.251646041870117, 10.274246215820312, 10.240099906921387, 10.188958168029785, 10.189281463623047, 10.208539962768555, 10.235240936279297, 10.154861450195312, 10.17764663696289, 10.193394660949707, 10.190810203552246, 10.217044830322266, 10.25759506225586, 10.228474617004395, 10.232179641723633, 10.21145248413086, 10.228485107421875, 10.241868019104004, 10.27176284790039, 10.280277252197266, 10.200676918029785, 10.186574935913086, 10.268503189086914, 10.2811861038208, 10.226905822753906, 10.219350814819336, 10.210200309753418, 10.303580284118652, 10.252527236938477, 10.258646011352539, 10.200666427612305]
Checkpoint index: 400, Loss values: [10.963473320007324, 10.498748779296875, 10.379058837890625, 10.388749122619629, 10.340629577636719, 10.36269474029541, 10.307330131530762, 10.24901008605957, 10.242448806762695, 10.273277282714844, 10.24807071685791, 10.279348373413086, 10.210445404052734, 10.199402809143066, 10.276713371276855, 10.216909408569336, 10.104263305664062, 10.210264205932617, 10.244129180908203, 10.271395683288574, 10.23802661895752, 10.18552017211914, 10.185040473937988, 10.200796127319336, 10.23192024230957, 10.15185546875, 10.171610832214355, 10.189502716064453, 10.1883544921875, 10.210445404052734, 10.253805160522461, 10.222121238708496, 10.232259750366211, 10.207746505737305, 10.222012519836426, 10.235724449157715, 10.265264511108398, 10.279525756835938, 10.194844245910645, 10.186856269836426, 10.260828018188477, 10.273011207580566, 10.217613220214844, 10.207615852355957, 10.2037935256958, 10.294713973999023, 10.246376037597656, 10.2527494430542, 10.193191528320312]
Checkpoint index: 500, Loss values: [11.003026962280273, 10.532801628112793, 10.419118881225586, 10.406291007995605, 10.361332893371582, 10.363615989685059, 10.314705848693848, 10.264158248901367, 10.25642204284668, 10.28161907196045, 10.25780200958252, 10.281403541564941, 10.2183256149292, 10.20361614227295, 10.280146598815918, 10.222227096557617, 10.104355812072754, 10.213024139404297, 10.253238677978516, 10.270792961120605, 10.240235328674316, 10.189681053161621, 10.185251235961914, 10.204686164855957, 10.232789039611816, 10.156335830688477, 10.1749849319458, 10.191058158874512, 10.189391136169434, 10.212152481079102, 10.254064559936523, 10.225579261779785, 10.226602554321289, 10.20634651184082, 10.226212501525879, 10.23922061920166, 10.266921043395996, 10.277973175048828, 10.194514274597168, 10.185281753540039, 10.26607608795166, 10.274886131286621, 10.219609260559082, 10.212121963500977, 10.204894065856934, 10.296066284179688, 10.249449729919434, 10.25588607788086, 10.193915367126465]

Quinfig
-------
config: confs/linear_regression_icl1.yaml
data:
  data_dim: 10
  noise: true
  num_examples: 10000000
  prompt_max_len_test: 50
  prompt_max_len_train: 50
model:
  activations:
  - ReLU
  architecture: MLP_mvsmall
  batch_norms:
  - true
  dropouts:
  - 0.0
  input_dim: 11
  layer_norms:
  - false
  lr: 0.001
  num_epochs: 500
  output_dim: 1
  psi_hidden_dim: 500
  psi_output_dim: 100
  rho_hidden_dim: 500
  rho_output_dim: 100
  xi_hidden_dim: 500
out_dir: /private/home/kartikahuja/icl/models/
wandb_entity: kartik-ahuja

MLPset(
  (psi): Sequential(
    (0): Linear(in_features=11, out_features=500, bias=True)
    (1): BatchNorm1d(500, eps=1e-05, momentum=0.1, affine=True, track_running_stats=True)
    (2): ReLU()
    (3): Linear(in_features=500, out_features=100, bias=True)
  )
  (rho): Sequential(
    (0): Linear(in_features=100, out_features=100, bias=True)
  )
  (xi): Sequential(
    (0): Linear(in_features=110, out_features=500, bias=True)
    (1): BatchNorm1d(500, eps=1e-05, momentum=0.1, affine=True, track_running_stats=True)
    (2): ReLU()
    (3): Linear(in_features=500, out_features=1, bias=True)
  )
)
/private/home/kartikahuja/icl/models/run_2gmsnnot/model_checkpoint_100.pt
/private/home/kartikahuja/icl/models/run_2gmsnnot/model_checkpoint_200.pt
/private/home/kartikahuja/icl/models/run_2gmsnnot/model_checkpoint_300.pt
/private/home/kartikahuja/icl/models/run_2gmsnnot/model_checkpoint_400.pt
/private/home/kartikahuja/icl/models/run_2gmsnnot/model_checkpoint_500.pt
Checkpoint index: 100, Loss values: [13.404229164123535, 11.406512260437012, 10.037881851196289, 8.995697975158691, 8.133466720581055, 7.446861267089844, 6.860540866851807, 6.348074913024902, 5.934397220611572, 5.577149868011475, 5.2045416831970215, 4.962455749511719, 4.673327445983887, 4.482449054718018, 4.267329692840576, 4.087221145629883, 3.902365207672119, 3.777878522872925, 3.6453700065612793, 3.4915645122528076, 3.395263433456421, 3.26763916015625, 3.1905903816223145, 3.1152944564819336, 3.024383783340454, 2.9298715591430664, 2.892422914505005, 2.8163106441497803, 2.761861562728882, 2.6981360912323, 2.6478071212768555, 2.6102192401885986, 2.552717924118042, 2.500241756439209, 2.4681427478790283, 2.4457859992980957, 2.3973774909973145, 2.3590269088745117, 2.318509340286255, 2.280359983444214, 2.2662506103515625, 2.237973690032959, 2.2259562015533447, 2.1851916313171387, 2.1638176441192627, 2.155251979827881, 2.1371936798095703, 2.1114566326141357, 2.083761215209961]
Checkpoint index: 200, Loss values: [12.839200019836426, 11.114412307739258, 9.888980865478516, 8.902153968811035, 8.063214302062988, 7.404054641723633, 6.831194877624512, 6.322998046875, 5.895727634429932, 5.5338134765625, 5.18064022064209, 4.941717624664307, 4.644205570220947, 4.447048664093018, 4.235121726989746, 4.0531840324401855, 3.8573999404907227, 3.7424323558807373, 3.60565185546875, 3.455097198486328, 3.348503828048706, 3.2323384284973145, 3.1495728492736816, 3.0748772621154785, 2.977269172668457, 2.8839478492736816, 2.8463594913482666, 2.77260160446167, 2.7062530517578125, 2.6523094177246094, 2.598731517791748, 2.5624678134918213, 2.505331516265869, 2.4544177055358887, 2.4154467582702637, 2.391714096069336, 2.3431520462036133, 2.3091959953308105, 2.2691543102264404, 2.2317166328430176, 2.221395969390869, 2.195798873901367, 2.1772775650024414, 2.1331043243408203, 2.1178476810455322, 2.105126142501831, 2.08378267288208, 2.0644850730895996, 2.036473274230957]
Checkpoint index: 300, Loss values: [12.801074981689453, 11.130343437194824, 9.889714241027832, 8.896821975708008, 8.065227508544922, 7.376419544219971, 6.804749488830566, 6.291987895965576, 5.860434055328369, 5.486769676208496, 5.136961936950684, 4.878955364227295, 4.58272647857666, 4.391073703765869, 4.174776077270508, 3.9933745861053467, 3.804204225540161, 3.676983594894409, 3.547269344329834, 3.396422863006592, 3.2892024517059326, 3.171395778656006, 3.0907742977142334, 3.0081591606140137, 2.9172539710998535, 2.8288822174072266, 2.7881295680999756, 2.7186877727508545, 2.6509170532226562, 2.6005373001098633, 2.5417799949645996, 2.5090601444244385, 2.449673652648926, 2.4038310050964355, 2.3673737049102783, 2.343111276626587, 2.2965762615203857, 2.2609739303588867, 2.220879554748535, 2.1875979900360107, 2.1724812984466553, 2.1495537757873535, 2.133176803588867, 2.0945165157318115, 2.072775363922119, 2.0616061687469482, 2.044174909591675, 2.0257761478424072, 1.9978435039520264]
Checkpoint index: 400, Loss values: [12.800252914428711, 11.131802558898926, 9.922016143798828, 8.913947105407715, 8.0835542678833, 7.41999626159668, 6.836348533630371, 6.319809436798096, 5.887444019317627, 5.525673866271973, 5.156771659851074, 4.907134532928467, 4.609353542327881, 4.414632320404053, 4.196094989776611, 4.019072532653809, 3.8171253204345703, 3.692153215408325, 3.5649924278259277, 3.409193754196167, 3.305189847946167, 3.1868162155151367, 3.102905511856079, 3.0189051628112793, 2.925776243209839, 2.836284875869751, 2.7922022342681885, 2.7278292179107666, 2.6572458744049072, 2.6045799255371094, 2.547391653060913, 2.5137546062469482, 2.4529576301574707, 2.409428119659424, 2.3717222213745117, 2.3474297523498535, 2.2968311309814453, 2.2614808082580566, 2.2216196060180664, 2.186058759689331, 2.1670775413513184, 2.1452510356903076, 2.1306118965148926, 2.085292339324951, 2.0682151317596436, 2.0588977336883545, 2.041361093521118, 2.0173380374908447, 1.988982915878296]
Checkpoint index: 500, Loss values: [12.722290992736816, 11.074052810668945, 9.89767837524414, 8.895732879638672, 8.066046714782715, 7.389835834503174, 6.813358306884766, 6.3056321144104, 5.875199317932129, 5.5049567222595215, 5.153574466705322, 4.893893241882324, 4.605574607849121, 4.408188343048096, 4.183778762817383, 4.006025791168213, 3.806258201599121, 3.680798053741455, 3.5534722805023193, 3.4015705585479736, 3.294440746307373, 3.17819881439209, 3.093935489654541, 3.009089946746826, 2.9181103706359863, 2.8308959007263184, 2.7870984077453613, 2.7165400981903076, 2.6501972675323486, 2.594217538833618, 2.538583993911743, 2.5086584091186523, 2.4494435787200928, 2.400658130645752, 2.362987995147705, 2.336141347885132, 2.288837432861328, 2.2553374767303467, 2.216604709625244, 2.180743455886841, 2.165865898132324, 2.1404600143432617, 2.1226465702056885, 2.08215069770813, 2.0681097507476807, 2.0524795055389404, 2.038470983505249, 2.0192718505859375, 1.9892373085021973]

Quinfig
-------
config: confs/linear_regression_icl2.yaml
data:
  data_dim: 10
  noise: true
  num_examples: 10000000
  prompt_max_len_test: 50
  prompt_max_len_train: 50
model:
  activations:
  - ReLU
  architecture: MLP_small
  batch_norms:
  - true
  dropouts:
  - 0.0
  input_dim: 11
  layer_norms:
  - false
  lr: 0.001
  num_epochs: 500
  output_dim: 1
  psi_hidden_dim: 500
  psi_output_dim: 100
  rho_hidden_dim: 500
  rho_output_dim: 100
  xi_hidden_dim: 500
out_dir: /private/home/kartikahuja/icl/models/
wandb_entity: kartik-ahuja

MLPset(
  (psi): Sequential(
    (0): Linear(in_features=11, out_features=500, bias=True)
    (1): BatchNorm1d(500, eps=1e-05, momentum=0.1, affine=True, track_running_stats=True)
    (2): ReLU()
    (3): Linear(in_features=500, out_features=500, bias=True)
    (4): BatchNorm1d(500, eps=1e-05, momentum=0.1, affine=True, track_running_stats=True)
    (5): ReLU()
    (6): Linear(in_features=500, out_features=500, bias=True)
    (7): BatchNorm1d(500, eps=1e-05, momentum=0.1, affine=True, track_running_stats=True)
    (8): ReLU()
    (9): Linear(in_features=500, out_features=100, bias=True)
  )
  (rho): Sequential(
    (0): Linear(in_features=100, out_features=500, bias=True)
    (1): BatchNorm1d(500, eps=1e-05, momentum=0.1, affine=True, track_running_stats=True)
    (2): ReLU()
    (3): Linear(in_features=500, out_features=500, bias=True)
    (4): BatchNorm1d(500, eps=1e-05, momentum=0.1, affine=True, track_running_stats=True)
    (5): ReLU()
    (6): Linear(in_features=500, out_features=500, bias=True)
    (7): BatchNorm1d(500, eps=1e-05, momentum=0.1, affine=True, track_running_stats=True)
    (8): ReLU()
    (9): Linear(in_features=500, out_features=100, bias=True)
  )
  (xi): Sequential(
    (0): Linear(in_features=110, out_features=500, bias=True)
    (1): BatchNorm1d(500, eps=1e-05, momentum=0.1, affine=True, track_running_stats=True)
    (2): ReLU()
    (3): Linear(in_features=500, out_features=1, bias=True)
  )
)
/private/home/kartikahuja/icl/models/run_2gwojq2i/model_checkpoint_100.pt
/private/home/kartikahuja/icl/models/run_2gwojq2i/model_checkpoint_200.pt
/private/home/kartikahuja/icl/models/run_2gwojq2i/model_checkpoint_300.pt
/private/home/kartikahuja/icl/models/run_2gwojq2i/model_checkpoint_400.pt
/private/home/kartikahuja/icl/models/run_2gwojq2i/model_checkpoint_500.pt
Checkpoint index: 100, Loss values: [11.633408546447754, 10.778111457824707, 10.02586555480957, 9.268027305603027, 8.489721298217773, 7.817550182342529, 7.140151023864746, 6.505770206451416, 5.952565670013428, 5.455260753631592, 4.970786094665527, 4.605366230010986, 4.224506855010986, 3.9546008110046387, 3.685852527618408, 3.457073450088501, 3.2321527004241943, 3.084197521209717, 2.948686122894287, 2.80008864402771, 2.6802334785461426, 2.5646443367004395, 2.497332811355591, 2.4033687114715576, 2.3337414264678955, 2.249093770980835, 2.2132833003997803, 2.1470584869384766, 2.1066956520080566, 2.0555012226104736, 2.005134105682373, 1.9816367626190186, 1.9400665760040283, 1.9181016683578491, 1.8823026418685913, 1.8531930446624756, 1.8251127004623413, 1.7935638427734375, 1.7769126892089844, 1.759674072265625, 1.7399495840072632, 1.7178949117660522, 1.7067844867706299, 1.6822577714920044, 1.6694155931472778, 1.6537575721740723, 1.6525315046310425, 1.6356661319732666, 1.6191704273223877]
Checkpoint index: 200, Loss values: [13.460602760314941, 12.102620124816895, 11.081680297851562, 10.134687423706055, 9.265654563903809, 8.510027885437012, 7.7207489013671875, 7.031352996826172, 6.4368815422058105, 5.875471115112305, 5.319686412811279, 4.922173500061035, 4.487556457519531, 4.194881916046143, 3.9014368057250977, 3.6510140895843506, 3.393141984939575, 3.244385242462158, 3.09818959236145, 2.932053565979004, 2.803591728210449, 2.6856744289398193, 2.600602149963379, 2.4997546672821045, 2.4215848445892334, 2.342371702194214, 2.302358627319336, 2.225323438644409, 2.176785469055176, 2.128756523132324, 2.0742347240448, 2.0413756370544434, 2.0045723915100098, 1.974745750427246, 1.9350093603134155, 1.9119892120361328, 1.880710244178772, 1.8431087732315063, 1.8292174339294434, 1.8092572689056396, 1.7878144979476929, 1.7615586519241333, 1.751525640487671, 1.719746708869934, 1.7143195867538452, 1.6927905082702637, 1.6887248754501343, 1.6704477071762085, 1.649835228919983]
Checkpoint index: 300, Loss values: [14.362793922424316, 12.755369186401367, 11.590128898620605, 10.530920028686523, 9.599297523498535, 8.81454086303711, 7.986269474029541, 7.266514778137207, 6.652681350708008, 6.057610511779785, 5.495645046234131, 5.049082279205322, 4.605076789855957, 4.290868282318115, 3.9963300228118896, 3.734001398086548, 3.459989309310913, 3.3014333248138428, 3.1522715091705322, 2.984489917755127, 2.850738048553467, 2.7268364429473877, 2.637510061264038, 2.538404941558838, 2.452542543411255, 2.371349334716797, 2.3275153636932373, 2.2559502124786377, 2.208171844482422, 2.15317702293396, 2.0999631881713867, 2.067559003829956, 2.0277934074401855, 2.000340461730957, 1.9583959579467773, 1.9303573369979858, 1.9028500318527222, 1.8682445287704468, 1.8466730117797852, 1.8255205154418945, 1.8049757480621338, 1.7788735628128052, 1.7642885446548462, 1.733551263809204, 1.731841802597046, 1.7099359035491943, 1.7039601802825928, 1.6861226558685303, 1.665506362915039]
Checkpoint index: 400, Loss values: [15.284579277038574, 13.390470504760742, 12.053278923034668, 10.891127586364746, 9.916722297668457, 9.06833267211914, 8.18661880493164, 7.417820930480957, 6.774424076080322, 6.150503158569336, 5.549153804779053, 5.108887195587158, 4.647181510925293, 4.342839241027832, 4.035426616668701, 3.7756905555725098, 3.5013322830200195, 3.346961498260498, 3.1939682960510254, 3.0274784564971924, 2.899331569671631, 2.7708191871643066, 2.6757218837738037, 2.579254388809204, 2.495563507080078, 2.4066691398620605, 2.3643953800201416, 2.285609006881714, 2.237396717071533, 2.1863813400268555, 2.129817247390747, 2.1019699573516846, 2.05483078956604, 2.0238423347473145, 1.9838776588439941, 1.9542760848999023, 1.9235607385635376, 1.8896352052688599, 1.8675000667572021, 1.8465708494186401, 1.8317935466766357, 1.8021348714828491, 1.7858799695968628, 1.7550734281539917, 1.7458938360214233, 1.7319799661636353, 1.7230198383331299, 1.7029964923858643, 1.6832606792449951]
Checkpoint index: 500, Loss values: [15.548059463500977, 13.649531364440918, 12.317283630371094, 11.14146614074707, 10.121655464172363, 9.264786720275879, 8.355769157409668, 7.581521987915039, 6.914310455322266, 6.272792816162109, 5.669495105743408, 5.205423831939697, 4.732561111450195, 4.418848991394043, 4.09915018081665, 3.822866439819336, 3.541718006134033, 3.3851122856140137, 3.22556471824646, 3.0529983043670654, 2.9204795360565186, 2.7873175144195557, 2.697728395462036, 2.5995774269104004, 2.509774923324585, 2.4208006858825684, 2.3753387928009033, 2.2992098331451416, 2.2509043216705322, 2.200404644012451, 2.1443874835968018, 2.1101272106170654, 2.062089443206787, 2.0334081649780273, 1.99201500415802, 1.9620568752288818, 1.9334642887115479, 1.898756504058838, 1.8753609657287598, 1.8538181781768799, 1.8381935358047485, 1.8081437349319458, 1.7925060987472534, 1.7613990306854248, 1.7560046911239624, 1.7371426820755005, 1.7281957864761353, 1.7095998525619507, 1.6888236999511719]

Quinfig
-------
config: confs/linear_regression_icl3.yaml
data:
  data_dim: 10
  noise: true
  num_examples: 10000000
  prompt_max_len_test: 50
  prompt_max_len_train: 50
model:
  activations:
  - ReLU
  architecture: MLP_medium
  batch_norms:
  - true
  dropouts:
  - 0.0
  input_dim: 11
  layer_norms:
  - false
  lr: 0.001
  num_epochs: 500
  output_dim: 1
  psi_hidden_dim: 500
  psi_output_dim: 100
  rho_hidden_dim: 500
  rho_output_dim: 100
  xi_hidden_dim: 500
out_dir: /private/home/kartikahuja/icl/models/
wandb_entity: kartik-ahuja

MLPset(
  (psi): Sequential(
    (0): Linear(in_features=11, out_features=500, bias=True)
    (1): BatchNorm1d(500, eps=1e-05, momentum=0.1, affine=True, track_running_stats=True)
    (2): ReLU()
    (3): Linear(in_features=500, out_features=500, bias=True)
    (4): BatchNorm1d(500, eps=1e-05, momentum=0.1, affine=True, track_running_stats=True)
    (5): ReLU()
    (6): Linear(in_features=500, out_features=500, bias=True)
    (7): BatchNorm1d(500, eps=1e-05, momentum=0.1, affine=True, track_running_stats=True)
    (8): ReLU()
    (9): Linear(in_features=500, out_features=500, bias=True)
    (10): BatchNorm1d(500, eps=1e-05, momentum=0.1, affine=True, track_running_stats=True)
    (11): ReLU()
    (12): Linear(in_features=500, out_features=500, bias=True)
    (13): BatchNorm1d(500, eps=1e-05, momentum=0.1, affine=True, track_running_stats=True)
    (14): ReLU()
    (15): Linear(in_features=500, out_features=500, bias=True)
    (16): BatchNorm1d(500, eps=1e-05, momentum=0.1, affine=True, track_running_stats=True)
    (17): ReLU()
    (18): Linear(in_features=500, out_features=100, bias=True)
  )
  (rho): Sequential(
    (0): Linear(in_features=100, out_features=500, bias=True)
    (1): BatchNorm1d(500, eps=1e-05, momentum=0.1, affine=True, track_running_stats=True)
    (2): ReLU()
    (3): Linear(in_features=500, out_features=500, bias=True)
    (4): BatchNorm1d(500, eps=1e-05, momentum=0.1, affine=True, track_running_stats=True)
    (5): ReLU()
    (6): Linear(in_features=500, out_features=500, bias=True)
    (7): BatchNorm1d(500, eps=1e-05, momentum=0.1, affine=True, track_running_stats=True)
    (8): ReLU()
    (9): Linear(in_features=500, out_features=500, bias=True)
    (10): BatchNorm1d(500, eps=1e-05, momentum=0.1, affine=True, track_running_stats=True)
    (11): ReLU()
    (12): Linear(in_features=500, out_features=500, bias=True)
    (13): BatchNorm1d(500, eps=1e-05, momentum=0.1, affine=True, track_running_stats=True)
    (14): ReLU()
    (15): Linear(in_features=500, out_features=100, bias=True)
  )
  (xi): Sequential(
    (0): Linear(in_features=110, out_features=500, bias=True)
    (1): BatchNorm1d(500, eps=1e-05, momentum=0.1, affine=True, track_running_stats=True)
    (2): ReLU()
    (3): Linear(in_features=500, out_features=500, bias=True)
    (4): BatchNorm1d(500, eps=1e-05, momentum=0.1, affine=True, track_running_stats=True)
    (5): ReLU()
    (6): Linear(in_features=500, out_features=500, bias=True)
    (7): BatchNorm1d(500, eps=1e-05, momentum=0.1, affine=True, track_running_stats=True)
    (8): ReLU()
    (9): Linear(in_features=500, out_features=1, bias=True)
  )
)
/private/home/kartikahuja/icl/models/run_1apl0ejx/model_checkpoint_100.pt
/private/home/kartikahuja/icl/models/run_1apl0ejx/model_checkpoint_200.pt
/private/home/kartikahuja/icl/models/run_1apl0ejx/model_checkpoint_300.pt
/private/home/kartikahuja/icl/models/run_1apl0ejx/model_checkpoint_400.pt
/private/home/kartikahuja/icl/models/run_1apl0ejx/model_checkpoint_500.pt
Checkpoint index: 100, Loss values: [13.136707305908203, 12.28591251373291, 11.56013298034668, 10.553274154663086, 9.467938423156738, 8.462785720825195, 7.57444429397583, 6.740413188934326, 6.027859210968018, 5.4935126304626465, 4.951319217681885, 4.578103065490723, 4.216479778289795, 3.914907932281494, 3.669379472732544, 3.422489881515503, 3.2244818210601807, 3.076630115509033, 2.9191439151763916, 2.78411602973938, 2.6696770191192627, 2.5592997074127197, 2.48384165763855, 2.4012012481689453, 2.3281233310699463, 2.2391881942749023, 2.2020106315612793, 2.1500983238220215, 2.1050662994384766, 2.0436089038848877, 2.003035068511963, 1.9675713777542114, 1.9319052696228027, 1.9001330137252808, 1.8699278831481934, 1.8475406169891357, 1.823408603668213, 1.7882070541381836, 1.7679369449615479, 1.7498242855072021, 1.7318086624145508, 1.72020423412323, 1.6988292932510376, 1.6732674837112427, 1.6623647212982178, 1.6497756242752075, 1.6435092687606812, 1.6241997480392456, 1.602484107017517]
Checkpoint index: 200, Loss values: [15.021060943603516, 13.94116497039795, 12.91666316986084, 11.884669303894043, 10.708806037902832, 9.523111343383789, 8.466408729553223, 7.451647758483887, 6.617568492889404, 5.984827995300293, 5.3455376625061035, 4.9155731201171875, 4.4931488037109375, 4.154472351074219, 3.8808887004852295, 3.6117236614227295, 3.389626979827881, 3.220828056335449, 3.0514495372772217, 2.9072425365448, 2.770906686782837, 2.6616787910461426, 2.5750696659088135, 2.488156795501709, 2.3985209465026855, 2.314404010772705, 2.271580934524536, 2.206599235534668, 2.1649866104125977, 2.1076996326446533, 2.0511817932128906, 2.0207746028900146, 1.9770536422729492, 1.9481263160705566, 1.918874979019165, 1.8869653940200806, 1.8635491132736206, 1.825103998184204, 1.8036125898361206, 1.7881190776824951, 1.7674572467803955, 1.7495535612106323, 1.7302275896072388, 1.7019702196121216, 1.6946018934249878, 1.6748435497283936, 1.6704550981521606, 1.6580722332000732, 1.6305127143859863]
Checkpoint index: 300, Loss values: [15.370864868164062, 14.140727043151855, 13.034794807434082, 12.013916969299316, 10.859027862548828, 9.707703590393066, 8.663990020751953, 7.666381359100342, 6.80751371383667, 6.174491882324219, 5.511738300323486, 5.054286479949951, 4.621081352233887, 4.275645732879639, 3.980419397354126, 3.705394983291626, 3.470048666000366, 3.2941880226135254, 3.125213384628296, 2.969606399536133, 2.8337528705596924, 2.7143290042877197, 2.628077507019043, 2.5415780544281006, 2.447645425796509, 2.3630309104919434, 2.3105380535125732, 2.2511303424835205, 2.198174476623535, 2.1455442905426025, 2.089853525161743, 2.0579934120178223, 2.011497735977173, 1.9837688207626343, 1.9544670581817627, 1.9190387725830078, 1.899884819984436, 1.8561385869979858, 1.829884648323059, 1.820053219795227, 1.7965000867843628, 1.7789027690887451, 1.7548763751983643, 1.731372356414795, 1.7202208042144775, 1.7021117210388184, 1.6989377737045288, 1.6841351985931396, 1.6567074060440063]
Checkpoint index: 400, Loss values: [15.231261253356934, 14.356138229370117, 13.221726417541504, 12.233109474182129, 11.115528106689453, 9.994135856628418, 8.914880752563477, 7.914092063903809, 7.008207321166992, 6.355801582336426, 5.672303199768066, 5.192853927612305, 4.728921890258789, 4.380242824554443, 4.067302703857422, 3.791212558746338, 3.5524282455444336, 3.3669185638427734, 3.17893123626709, 3.026047706604004, 2.87979793548584, 2.764690399169922, 2.6670022010803223, 2.5737192630767822, 2.4880387783050537, 2.3926448822021484, 2.3442039489746094, 2.2798779010772705, 2.2290616035461426, 2.178225517272949, 2.117492914199829, 2.0838329792022705, 2.0384767055511475, 2.0055081844329834, 1.976266860961914, 1.941441535949707, 1.9163376092910767, 1.8740137815475464, 1.8524425029754639, 1.8393372297286987, 1.8173924684524536, 1.7971004247665405, 1.7717162370681763, 1.7439608573913574, 1.7371230125427246, 1.7172660827636719, 1.7163164615631104, 1.6991266012191772, 1.6747479438781738]
Checkpoint index: 500, Loss values: [15.473174095153809, 14.382773399353027, 13.285956382751465, 12.289533615112305, 11.153385162353516, 10.026361465454102, 8.955561637878418, 7.960814476013184, 7.054363250732422, 6.417440891265869, 5.73116397857666, 5.249582767486572, 4.797452926635742, 4.435616970062256, 4.115513801574707, 3.8370721340179443, 3.5925521850585938, 3.416098117828369, 3.2219181060791016, 3.067408800125122, 2.9174301624298096, 2.799802541732788, 2.7055420875549316, 2.611759901046753, 2.515416383743286, 2.4258780479431152, 2.3775649070739746, 2.309743881225586, 2.261362075805664, 2.201512098312378, 2.1421866416931152, 2.1108334064483643, 2.064225435256958, 2.0280492305755615, 2.0003817081451416, 1.9677481651306152, 1.9436750411987305, 1.9000917673110962, 1.8752491474151611, 1.859615683555603, 1.8407577276229858, 1.8189821243286133, 1.7951991558074951, 1.7697099447250366, 1.756528377532959, 1.7377064228057861, 1.7379076480865479, 1.7204976081848145, 1.6942111253738403]

Quinfig
-------
config: confs/linear_regression_icl4.yaml
data:
  data_dim: 10
  noise: true
  num_examples: 10000000
  prompt_max_len_test: 50
  prompt_max_len_train: 50
model:
  activations:
  - ReLU
  architecture: MLP_large
  batch_norms:
  - true
  dropouts:
  - 0.0
  input_dim: 11
  layer_norms:
  - false
  lr: 0.0001
  num_epochs: 500
  output_dim: 1
  psi_hidden_dim: 500
  psi_output_dim: 100
  rho_hidden_dim: 500
  rho_output_dim: 100
  xi_hidden_dim: 500
out_dir: /private/home/kartikahuja/icl/models/
wandb_entity: kartik-ahuja

MLPset(
  (psi): Sequential(
    (0): Linear(in_features=11, out_features=500, bias=True)
    (1): BatchNorm1d(500, eps=1e-05, momentum=0.1, affine=True, track_running_stats=True)
    (2): ReLU()
    (3): Linear(in_features=500, out_features=500, bias=True)
    (4): BatchNorm1d(500, eps=1e-05, momentum=0.1, affine=True, track_running_stats=True)
    (5): ReLU()
    (6): Linear(in_features=500, out_features=500, bias=True)
    (7): BatchNorm1d(500, eps=1e-05, momentum=0.1, affine=True, track_running_stats=True)
    (8): ReLU()
    (9): Linear(in_features=500, out_features=500, bias=True)
    (10): BatchNorm1d(500, eps=1e-05, momentum=0.1, affine=True, track_running_stats=True)
    (11): ReLU()
    (12): Linear(in_features=500, out_features=500, bias=True)
    (13): BatchNorm1d(500, eps=1e-05, momentum=0.1, affine=True, track_running_stats=True)
    (14): ReLU()
    (15): Linear(in_features=500, out_features=500, bias=True)
    (16): BatchNorm1d(500, eps=1e-05, momentum=0.1, affine=True, track_running_stats=True)
    (17): ReLU()
    (18): Linear(in_features=500, out_features=500, bias=True)
    (19): BatchNorm1d(500, eps=1e-05, momentum=0.1, affine=True, track_running_stats=True)
    (20): ReLU()
    (21): Linear(in_features=500, out_features=500, bias=True)
    (22): BatchNorm1d(500, eps=1e-05, momentum=0.1, affine=True, track_running_stats=True)
    (23): ReLU()
    (24): Linear(in_features=500, out_features=500, bias=True)
    (25): BatchNorm1d(500, eps=1e-05, momentum=0.1, affine=True, track_running_stats=True)
    (26): ReLU()
    (27): Linear(in_features=500, out_features=100, bias=True)
  )
  (rho): Sequential(
    (0): Linear(in_features=100, out_features=500, bias=True)
    (1): BatchNorm1d(500, eps=1e-05, momentum=0.1, affine=True, track_running_stats=True)
    (2): ReLU()
    (3): Linear(in_features=500, out_features=500, bias=True)
    (4): BatchNorm1d(500, eps=1e-05, momentum=0.1, affine=True, track_running_stats=True)
    (5): ReLU()
    (6): Linear(in_features=500, out_features=500, bias=True)
    (7): BatchNorm1d(500, eps=1e-05, momentum=0.1, affine=True, track_running_stats=True)
    (8): ReLU()
    (9): Linear(in_features=500, out_features=500, bias=True)
    (10): BatchNorm1d(500, eps=1e-05, momentum=0.1, affine=True, track_running_stats=True)
    (11): ReLU()
    (12): Linear(in_features=500, out_features=500, bias=True)
    (13): BatchNorm1d(500, eps=1e-05, momentum=0.1, affine=True, track_running_stats=True)
    (14): ReLU()
    (15): Linear(in_features=500, out_features=500, bias=True)
    (16): BatchNorm1d(500, eps=1e-05, momentum=0.1, affine=True, track_running_stats=True)
    (17): ReLU()
    (18): Linear(in_features=500, out_features=500, bias=True)
    (19): BatchNorm1d(500, eps=1e-05, momentum=0.1, affine=True, track_running_stats=True)
    (20): ReLU()
    (21): Linear(in_features=500, out_features=500, bias=True)
    (22): BatchNorm1d(500, eps=1e-05, momentum=0.1, affine=True, track_running_stats=True)
    (23): ReLU()
    (24): Linear(in_features=500, out_features=500, bias=True)
    (25): BatchNorm1d(500, eps=1e-05, momentum=0.1, affine=True, track_running_stats=True)
    (26): ReLU()
    (27): Linear(in_features=500, out_features=100, bias=True)
  )
  (xi): Sequential(
    (0): Linear(in_features=110, out_features=500, bias=True)
    (1): BatchNorm1d(500, eps=1e-05, momentum=0.1, affine=True, track_running_stats=True)
    (2): ReLU()
    (3): Linear(in_features=500, out_features=500, bias=True)
    (4): BatchNorm1d(500, eps=1e-05, momentum=0.1, affine=True, track_running_stats=True)
    (5): ReLU()
    (6): Linear(in_features=500, out_features=500, bias=True)
    (7): BatchNorm1d(500, eps=1e-05, momentum=0.1, affine=True, track_running_stats=True)
    (8): ReLU()
    (9): Linear(in_features=500, out_features=500, bias=True)
    (10): BatchNorm1d(500, eps=1e-05, momentum=0.1, affine=True, track_running_stats=True)
    (11): ReLU()
    (12): Linear(in_features=500, out_features=500, bias=True)
    (13): BatchNorm1d(500, eps=1e-05, momentum=0.1, affine=True, track_running_stats=True)
    (14): ReLU()
    (15): Linear(in_features=500, out_features=1, bias=True)
  )
)
/private/home/kartikahuja/icl/models/run_12gd7z0a/model_checkpoint_100.pt
/private/home/kartikahuja/icl/models/run_12gd7z0a/model_checkpoint_200.pt
/private/home/kartikahuja/icl/models/run_12gd7z0a/model_checkpoint_300.pt
/private/home/kartikahuja/icl/models/run_12gd7z0a/model_checkpoint_400.pt
/private/home/kartikahuja/icl/models/run_12gd7z0a/model_checkpoint_500.pt
Checkpoint index: 100, Loss values: [14.375969886779785, 13.043209075927734, 11.940316200256348, 10.887293815612793, 9.852253913879395, 8.82673168182373, 7.992762565612793, 7.16644287109375, 6.4788641929626465, 5.9365339279174805, 5.406694412231445, 5.015932083129883, 4.627760887145996, 4.331095218658447, 4.069938659667969, 3.8174564838409424, 3.6206629276275635, 3.465355157852173, 3.2928214073181152, 3.1513783931732178, 3.022923707962036, 2.894655704498291, 2.80834698677063, 2.709608554840088, 2.639616012573242, 2.555068254470825, 2.4998316764831543, 2.4341814517974854, 2.3711674213409424, 2.324066400527954, 2.2681679725646973, 2.2240240573883057, 2.193575143814087, 2.148489475250244, 2.108130693435669, 2.0824339389801025, 2.0488386154174805, 2.0083413124084473, 1.9891626834869385, 1.961838722229004, 1.9458212852478027, 1.924260139465332, 1.9128156900405884, 1.8745360374450684, 1.862993836402893, 1.8408163785934448, 1.833802580833435, 1.8185490369796753, 1.786486029624939]
Checkpoint index: 200, Loss values: [15.055678367614746, 13.857348442077637, 12.724098205566406, 11.695755004882812, 10.544609069824219, 9.530256271362305, 8.631311416625977, 7.74082088470459, 6.990598201751709, 6.382385730743408, 5.8373494148254395, 5.380205154418945, 4.952630043029785, 4.623721122741699, 4.342889785766602, 4.0669403076171875, 3.832364082336426, 3.670919418334961, 3.4959771633148193, 3.328799247741699, 3.192669630050659, 3.0609190464019775, 2.955573081970215, 2.8564178943634033, 2.7784430980682373, 2.6879732608795166, 2.6228110790252686, 2.5594329833984375, 2.491244077682495, 2.434913396835327, 2.3776144981384277, 2.3348231315612793, 2.2972238063812256, 2.244374990463257, 2.2125155925750732, 2.173306703567505, 2.1516523361206055, 2.1057217121124268, 2.076726198196411, 2.0581276416778564, 2.027506113052368, 2.0061378479003906, 1.9876221418380737, 1.9607129096984863, 1.947464108467102, 1.9235327243804932, 1.9126437902450562, 1.8927881717681885, 1.8673491477966309]
Checkpoint index: 300, Loss values: [15.007080078125, 13.796798706054688, 12.779379844665527, 11.774523735046387, 10.703246116638184, 9.751476287841797, 8.851540565490723, 7.9800310134887695, 7.218683242797852, 6.587554454803467, 6.0282182693481445, 5.554325580596924, 5.102246284484863, 4.777707576751709, 4.483270645141602, 4.18673038482666, 3.9580729007720947, 3.775829792022705, 3.597700834274292, 3.4290544986724854, 3.2739036083221436, 3.1471333503723145, 3.0389604568481445, 2.9378504753112793, 2.855553150177002, 2.7668983936309814, 2.699911117553711, 2.632575750350952, 2.564319133758545, 2.5084798336029053, 2.444340229034424, 2.395725965499878, 2.3669042587280273, 2.315894603729248, 2.2715260982513428, 2.23245906829834, 2.219721555709839, 2.1609363555908203, 2.139296054840088, 2.1179745197296143, 2.0908658504486084, 2.057398796081543, 2.0444273948669434, 2.0134220123291016, 1.9948270320892334, 1.9808582067489624, 1.967397928237915, 1.943503737449646, 1.9174391031265259]
Checkpoint index: 400, Loss values: [15.109122276306152, 13.963751792907715, 13.003962516784668, 11.976103782653809, 10.877593994140625, 9.889265060424805, 9.004403114318848, 8.113040924072266, 7.360367298126221, 6.725282192230225, 6.150966167449951, 5.658659934997559, 5.206969261169434, 4.878915786743164, 4.572953224182129, 4.280637264251709, 4.043066024780273, 3.8604884147644043, 3.6798033714294434, 3.511014938354492, 3.347189426422119, 3.2274675369262695, 3.1047239303588867, 3.000974416732788, 2.9236247539520264, 2.8241190910339355, 2.7556865215301514, 2.684515953063965, 2.6203901767730713, 2.5612497329711914, 2.4972732067108154, 2.4535984992980957, 2.4149672985076904, 2.368126630783081, 2.3200459480285645, 2.286454916000366, 2.265977144241333, 2.2067036628723145, 2.1901907920837402, 2.16058087348938, 2.1332828998565674, 2.10890793800354, 2.0899970531463623, 2.060289144515991, 2.0379936695098877, 2.0236401557922363, 2.0048153400421143, 1.9848946332931519, 1.9602199792861938]
Checkpoint index: 500, Loss values: [15.356158256530762, 14.044363021850586, 13.006335258483887, 11.915145874023438, 10.840093612670898, 9.879746437072754, 8.989094734191895, 8.132668495178223, 7.39496374130249, 6.73838996887207, 6.186398506164551, 5.707480430603027, 5.248602390289307, 4.921448707580566, 4.624814987182617, 4.318538188934326, 4.075226783752441, 3.9005324840545654, 3.7110795974731445, 3.539996385574341, 3.3795204162597656, 3.2535014152526855, 3.133408308029175, 3.031682252883911, 2.957390546798706, 2.8602218627929688, 2.7880659103393555, 2.714456081390381, 2.6444571018218994, 2.5867395401000977, 2.5187134742736816, 2.486006021499634, 2.4471802711486816, 2.3927340507507324, 2.3540213108062744, 2.3168892860412598, 2.29683518409729, 2.2356483936309814, 2.2150990962982178, 2.1945652961730957, 2.156986951828003, 2.130476951599121, 2.116713523864746, 2.0893633365631104, 2.067230463027954, 2.0438191890716553, 2.0307059288024902, 2.007619857788086, 1.9846162796020508]

