# conda environments:
#
balancinggroups          /private/home/kartikahuja/.conda/envs/balancinggroups
                      *  /private/home/kartikahuja/.conda/envs/balancinggroups/envs/in-context-learning
in-context-learning      /private/home/kartikahuja/.conda/envs/in-context-learning
my_env                   /private/home/kartikahuja/.conda/envs/my_env
base                     /public/apps/anaconda3/2022.05

Quinfig
-------
config: confs/linear_regression_icl1.yaml
data:
  data_dim: 10
  noise: true
  num_examples: 10000000
  prompt_max_len_test: 50
  prompt_max_len_train: 50
model:
  activations:
  - ReLU
  architecture: MLP_small
  batch_norms:
  - true
  dropouts:
  - 0.0
  input_dim: 11
  layer_norms:
  - false
  lr: 0.001
  num_epochs: 500
  output_dim: 1
  psi_hidden_dim: 500
  psi_output_dim: 100
  rho_hidden_dim: 500
  rho_output_dim: 100
  xi_hidden_dim: 500
out_dir: /private/home/kartikahuja/icl/models/
wandb_entity: kartik-ahuja

MLPset(
  (psi): Sequential(
    (0): Linear(in_features=11, out_features=500, bias=True)
    (1): BatchNorm1d(500, eps=1e-05, momentum=0.1, affine=True, track_running_stats=True)
    (2): ReLU()
    (3): Linear(in_features=500, out_features=500, bias=True)
    (4): BatchNorm1d(500, eps=1e-05, momentum=0.1, affine=True, track_running_stats=True)
    (5): ReLU()
    (6): Linear(in_features=500, out_features=500, bias=True)
    (7): BatchNorm1d(500, eps=1e-05, momentum=0.1, affine=True, track_running_stats=True)
    (8): ReLU()
    (9): Linear(in_features=500, out_features=100, bias=True)
  )
  (rho): Sequential(
    (0): Linear(in_features=100, out_features=500, bias=True)
    (1): BatchNorm1d(500, eps=1e-05, momentum=0.1, affine=True, track_running_stats=True)
    (2): ReLU()
    (3): Linear(in_features=500, out_features=500, bias=True)
    (4): BatchNorm1d(500, eps=1e-05, momentum=0.1, affine=True, track_running_stats=True)
    (5): ReLU()
    (6): Linear(in_features=500, out_features=500, bias=True)
    (7): BatchNorm1d(500, eps=1e-05, momentum=0.1, affine=True, track_running_stats=True)
    (8): ReLU()
    (9): Linear(in_features=500, out_features=100, bias=True)
  )
  (xi): Sequential(
    (0): Linear(in_features=110, out_features=500, bias=True)
    (1): BatchNorm1d(500, eps=1e-05, momentum=0.1, affine=True, track_running_stats=True)
    (2): ReLU()
    (3): Linear(in_features=500, out_features=1, bias=True)
  )
)
/private/home/kartikahuja/icl/models/run_n2lrndol/model_checkpoint_100.pt
/private/home/kartikahuja/icl/models/run_n2lrndol/model_checkpoint_200.pt
/private/home/kartikahuja/icl/models/run_n2lrndol/model_checkpoint_300.pt
/private/home/kartikahuja/icl/models/run_n2lrndol/model_checkpoint_400.pt
/private/home/kartikahuja/icl/models/run_n2lrndol/model_checkpoint_500.pt
Checkpoint index: 100, Loss values: [11.842150688171387, 10.899273872375488, 10.08639907836914, 9.331961631774902, 8.560277938842773, 7.8614020347595215, 7.208800792694092, 6.5691142082214355, 5.9695258140563965, 5.513195037841797, 5.012817859649658, 4.625015735626221, 4.23923397064209, 3.970299243927002, 3.710573196411133, 3.4747934341430664, 3.247856855392456, 3.0856876373291016, 2.9465460777282715, 2.7971551418304443, 2.6909871101379395, 2.582291603088379, 2.4966704845428467, 2.4164834022521973, 2.339691638946533, 2.25585675239563, 2.2157914638519287, 2.1684818267822266, 2.1075403690338135, 2.069626808166504, 2.006972312927246, 1.9890086650848389, 1.9425549507141113, 1.9214613437652588, 1.8798391819000244, 1.8557578325271606, 1.8333286046981812, 1.7949645519256592, 1.7807329893112183, 1.7663016319274902, 1.7372541427612305, 1.7217230796813965, 1.704759120941162, 1.6867836713790894, 1.6746803522109985, 1.6621190309524536, 1.661844253540039, 1.641456127166748, 1.6153910160064697]
Checkpoint index: 200, Loss values: [13.481060981750488, 12.095464706420898, 11.05825138092041, 10.171419143676758, 9.283987998962402, 8.518621444702148, 7.778518199920654, 7.050332069396973, 6.407666206359863, 5.873740196228027, 5.318742275238037, 4.899542331695557, 4.472445487976074, 4.179299831390381, 3.884836435317993, 3.6384315490722656, 3.395935297012329, 3.2229089736938477, 3.0792367458343506, 2.907015323638916, 2.7966673374176025, 2.6771633625030518, 2.5894346237182617, 2.500767230987549, 2.4255759716033936, 2.3347065448760986, 2.2866909503936768, 2.2386319637298584, 2.1765599250793457, 2.125058650970459, 2.0649240016937256, 2.042412042617798, 1.9956080913543701, 1.9643877744674683, 1.9294548034667969, 1.9029496908187866, 1.8794714212417603, 1.8374303579330444, 1.8225252628326416, 1.8038218021392822, 1.775889277458191, 1.7592679262161255, 1.7461601495742798, 1.7171697616577148, 1.7077628374099731, 1.6956321001052856, 1.6914401054382324, 1.6705896854400635, 1.6457754373550415]
Checkpoint index: 300, Loss values: [14.54858684539795, 12.962818145751953, 11.731345176696777, 10.682770729064941, 9.681760787963867, 8.88758659362793, 8.069878578186035, 7.311672687530518, 6.6322407722473145, 6.0723185539245605, 5.4874138832092285, 5.046867370605469, 4.597537040710449, 4.283993721008301, 3.9751086235046387, 3.714725971221924, 3.474024772644043, 3.2919223308563232, 3.1362922191619873, 2.966135025024414, 2.849604606628418, 2.724569797515869, 2.6360630989074707, 2.5430569648742676, 2.465322494506836, 2.36958384513855, 2.325392246246338, 2.2789700031280518, 2.2116639614105225, 2.1589608192443848, 2.101161003112793, 2.071721076965332, 2.0305893421173096, 1.9966665506362915, 1.9565238952636719, 1.9326062202453613, 1.908044457435608, 1.8662476539611816, 1.8470501899719238, 1.830833077430725, 1.800091028213501, 1.7840620279312134, 1.7705568075180054, 1.7385096549987793, 1.7336597442626953, 1.7203677892684937, 1.7126399278640747, 1.6907635927200317, 1.6685079336166382]
Checkpoint index: 400, Loss values: [15.271967887878418, 13.41402530670166, 12.1129150390625, 10.993855476379395, 9.92158031463623, 9.08336067199707, 8.216058731079102, 7.4405364990234375, 6.771440505981445, 6.179113388061523, 5.58036470413208, 5.1395111083984375, 4.678752422332764, 4.364694118499756, 4.052185535430908, 3.786339521408081, 3.5554442405700684, 3.371957540512085, 3.202085256576538, 3.0380806922912598, 2.9221699237823486, 2.7870728969573975, 2.700105905532837, 2.602680206298828, 2.5217576026916504, 2.425983190536499, 2.3778295516967773, 2.3284456729888916, 2.2621920108795166, 2.206923246383667, 2.148872137069702, 2.1180784702301025, 2.0739777088165283, 2.0361435413360596, 1.9974242448806763, 1.9765137434005737, 1.9460409879684448, 1.9009343385696411, 1.8800766468048096, 1.8618016242980957, 1.8359627723693848, 1.8213979005813599, 1.8011260032653809, 1.7723621129989624, 1.7650976181030273, 1.7497674226760864, 1.746280550956726, 1.7212046384811401, 1.6996837854385376]
Checkpoint index: 500, Loss values: [15.595613479614258, 13.664690017700195, 12.343892097473145, 11.22243595123291, 10.11791706085205, 9.280207633972168, 8.396368980407715, 7.596675872802734, 6.900830268859863, 6.279387950897217, 5.650906562805176, 5.192383289337158, 4.716408729553223, 4.39613151550293, 4.069763660430908, 3.7892775535583496, 3.5500295162200928, 3.365035057067871, 3.191101312637329, 3.023869514465332, 2.9080138206481934, 2.7715349197387695, 2.677427053451538, 2.58363938331604, 2.507258892059326, 2.405751943588257, 2.356924295425415, 2.3096373081207275, 2.242899179458618, 2.183711051940918, 2.128795862197876, 2.1018269062042236, 2.053539752960205, 2.0223262310028076, 1.9765836000442505, 1.9551359415054321, 1.9246797561645508, 1.884575366973877, 1.8654261827468872, 1.8443617820739746, 1.8215261697769165, 1.8068550825119019, 1.7845540046691895, 1.756727695465088, 1.747243881225586, 1.731501579284668, 1.7284588813781738, 1.703328251838684, 1.6822001934051514]

Quinfig
-------
config: confs/linear_regression_icl2.yaml
data:
  data_dim: 10
  noise: true
  num_examples: 10000000
  prompt_max_len_test: 50
  prompt_max_len_train: 50
model:
  activations:
  - ReLU
  architecture: MLP_small
  batch_norms:
  - true
  dropouts:
  - 0.0
  input_dim: 11
  layer_norms:
  - false
  lr: 0.001
  num_epochs: 500
  output_dim: 1
  psi_hidden_dim: 200
  psi_output_dim: 100
  rho_hidden_dim: 200
  rho_output_dim: 100
  xi_hidden_dim: 200
out_dir: /private/home/kartikahuja/icl/models/
wandb_entity: kartik-ahuja

MLPset(
  (psi): Sequential(
    (0): Linear(in_features=11, out_features=200, bias=True)
    (1): BatchNorm1d(200, eps=1e-05, momentum=0.1, affine=True, track_running_stats=True)
    (2): ReLU()
    (3): Linear(in_features=200, out_features=200, bias=True)
    (4): BatchNorm1d(200, eps=1e-05, momentum=0.1, affine=True, track_running_stats=True)
    (5): ReLU()
    (6): Linear(in_features=200, out_features=200, bias=True)
    (7): BatchNorm1d(200, eps=1e-05, momentum=0.1, affine=True, track_running_stats=True)
    (8): ReLU()
    (9): Linear(in_features=200, out_features=100, bias=True)
  )
  (rho): Sequential(
    (0): Linear(in_features=100, out_features=200, bias=True)
    (1): BatchNorm1d(200, eps=1e-05, momentum=0.1, affine=True, track_running_stats=True)
    (2): ReLU()
    (3): Linear(in_features=200, out_features=200, bias=True)
    (4): BatchNorm1d(200, eps=1e-05, momentum=0.1, affine=True, track_running_stats=True)
    (5): ReLU()
    (6): Linear(in_features=200, out_features=200, bias=True)
    (7): BatchNorm1d(200, eps=1e-05, momentum=0.1, affine=True, track_running_stats=True)
    (8): ReLU()
    (9): Linear(in_features=200, out_features=100, bias=True)
  )
  (xi): Sequential(
    (0): Linear(in_features=110, out_features=200, bias=True)
    (1): BatchNorm1d(200, eps=1e-05, momentum=0.1, affine=True, track_running_stats=True)
    (2): ReLU()
    (3): Linear(in_features=200, out_features=1, bias=True)
  )
)
/private/home/kartikahuja/icl/models/run_5dmj3o65/model_checkpoint_100.pt
/private/home/kartikahuja/icl/models/run_5dmj3o65/model_checkpoint_200.pt
/private/home/kartikahuja/icl/models/run_5dmj3o65/model_checkpoint_300.pt
/private/home/kartikahuja/icl/models/run_5dmj3o65/model_checkpoint_400.pt
/private/home/kartikahuja/icl/models/run_5dmj3o65/model_checkpoint_500.pt
Checkpoint index: 100, Loss values: [10.428812980651855, 9.538105964660645, 8.760330200195312, 8.103863716125488, 7.448972702026367, 6.882641315460205, 6.3477373123168945, 5.823145389556885, 5.348069667816162, 4.979066371917725, 4.563854694366455, 4.286741733551025, 3.9845287799835205, 3.779482364654541, 3.5489890575408936, 3.3746442794799805, 3.190319776535034, 3.063504695892334, 2.9393181800842285, 2.81689715385437, 2.7188780307769775, 2.62044358253479, 2.5347633361816406, 2.461533308029175, 2.3973705768585205, 2.3186299800872803, 2.282978057861328, 2.223601818084717, 2.1834018230438232, 2.1382486820220947, 2.0944666862487793, 2.063466787338257, 2.0198585987091064, 1.995758056640625, 1.9637235403060913, 1.9308507442474365, 1.911110520362854, 1.877056360244751, 1.8506755828857422, 1.8403878211975098, 1.8169760704040527, 1.8005064725875854, 1.784070611000061, 1.755350947380066, 1.746049404144287, 1.7374491691589355, 1.7273733615875244, 1.7022799253463745, 1.6918739080429077]
Checkpoint index: 200, Loss values: [10.516155242919922, 9.58128547668457, 8.797109603881836, 8.14705753326416, 7.499752998352051, 6.927218914031982, 6.383255481719971, 5.839227199554443, 5.356797218322754, 4.970251560211182, 4.5559892654418945, 4.2856550216674805, 3.9771504402160645, 3.763249158859253, 3.5362749099731445, 3.3493106365203857, 3.1621921062469482, 3.0400962829589844, 2.9180893898010254, 2.7892496585845947, 2.6866722106933594, 2.592965841293335, 2.5108182430267334, 2.438572406768799, 2.374878406524658, 2.292254686355591, 2.2584214210510254, 2.198498010635376, 2.1559853553771973, 2.1151340007781982, 2.0655276775360107, 2.035250663757324, 1.994117259979248, 1.9673099517822266, 1.9337506294250488, 1.9037621021270752, 1.8853501081466675, 1.8513686656951904, 1.827009916305542, 1.8171346187591553, 1.7935454845428467, 1.7705854177474976, 1.7630324363708496, 1.7271982431411743, 1.721031904220581, 1.7082124948501587, 1.6998528242111206, 1.681688904762268, 1.6630439758300781]
Checkpoint index: 300, Loss values: [10.56137752532959, 9.623530387878418, 8.835695266723633, 8.1884126663208, 7.5332536697387695, 6.955203056335449, 6.412428855895996, 5.862576007843018, 5.375523567199707, 4.981884956359863, 4.575766086578369, 4.291053295135498, 3.976030111312866, 3.7672688961029053, 3.539497137069702, 3.3541641235351562, 3.1685070991516113, 3.0457470417022705, 2.9204373359680176, 2.7875404357910156, 2.687767744064331, 2.5922319889068604, 2.511765241622925, 2.4368557929992676, 2.3717994689941406, 2.2930908203125, 2.2539172172546387, 2.19820499420166, 2.1495625972747803, 2.1112406253814697, 2.057643175125122, 2.0311903953552246, 1.9859293699264526, 1.9612942934036255, 1.924093246459961, 1.895593523979187, 1.8792166709899902, 1.8453236818313599, 1.8189620971679688, 1.8061331510543823, 1.7853827476501465, 1.7646046876907349, 1.7532657384872437, 1.7181540727615356, 1.709169626235962, 1.7004022598266602, 1.6928670406341553, 1.6731606721878052, 1.6512222290039062]
Checkpoint index: 400, Loss values: [10.544930458068848, 9.62693977355957, 8.846933364868164, 8.192216873168945, 7.543863296508789, 6.976271152496338, 6.431341171264648, 5.883152008056641, 5.387910842895508, 5.004567623138428, 4.6043314933776855, 4.313320636749268, 4.002407550811768, 3.792447566986084, 3.565437078475952, 3.379653215408325, 3.1883907318115234, 3.0742244720458984, 2.944125175476074, 2.814039468765259, 2.7135186195373535, 2.6144070625305176, 2.532637119293213, 2.4632420539855957, 2.3947300910949707, 2.3171255588531494, 2.275486469268799, 2.2177999019622803, 2.1717090606689453, 2.131107807159424, 2.078972339630127, 2.05741286277771, 2.009725570678711, 1.9824343919754028, 1.9452781677246094, 1.9181574583053589, 1.8965423107147217, 1.8636879920959473, 1.8379840850830078, 1.8240456581115723, 1.8033568859100342, 1.7841359376907349, 1.7709881067276, 1.7405025959014893, 1.7281159162521362, 1.7204917669296265, 1.7128852605819702, 1.6905440092086792, 1.669464349746704]
Checkpoint index: 500, Loss values: [10.56295394897461, 9.65685749053955, 8.884230613708496, 8.216073036193848, 7.563722133636475, 6.992342472076416, 6.434946060180664, 5.882046699523926, 5.386598110198975, 4.994653224945068, 4.595862865447998, 4.300793647766113, 3.987621545791626, 3.780250072479248, 3.5491292476654053, 3.3578929901123047, 3.1658334732055664, 3.0518577098846436, 2.9268476963043213, 2.794733762741089, 2.694755792617798, 2.5939536094665527, 2.515148401260376, 2.4422366619110107, 2.3738138675689697, 2.2964468002319336, 2.258194923400879, 2.200181484222412, 2.1532561779022217, 2.11132550239563, 2.060807943344116, 2.036409616470337, 1.9907373189926147, 1.961949348449707, 1.9265638589859009, 1.9000588655471802, 1.8824293613433838, 1.8475897312164307, 1.8224695920944214, 1.8087471723556519, 1.7884572744369507, 1.766298532485962, 1.7543342113494873, 1.723641037940979, 1.711989164352417, 1.7053900957107544, 1.6974607706069946, 1.6754817962646484, 1.6544876098632812]

Quinfig
-------
config: confs/linear_regression_icl3.yaml
data:
  data_dim: 10
  noise: true
  num_examples: 10000000
  prompt_max_len_test: 50
  prompt_max_len_train: 50
model:
  activations:
  - ReLU
  architecture: MLP_medium
  batch_norms:
  - true
  dropouts:
  - 0.0
  input_dim: 11
  layer_norms:
  - false
  lr: 0.001
  num_epochs: 500
  output_dim: 1
  psi_hidden_dim: 500
  psi_output_dim: 100
  rho_hidden_dim: 500
  rho_output_dim: 100
  xi_hidden_dim: 500
out_dir: /private/home/kartikahuja/icl/models/
wandb_entity: kartik-ahuja

MLPset(
  (psi): Sequential(
    (0): Linear(in_features=11, out_features=500, bias=True)
    (1): BatchNorm1d(500, eps=1e-05, momentum=0.1, affine=True, track_running_stats=True)
    (2): ReLU()
    (3): Linear(in_features=500, out_features=500, bias=True)
    (4): BatchNorm1d(500, eps=1e-05, momentum=0.1, affine=True, track_running_stats=True)
    (5): ReLU()
    (6): Linear(in_features=500, out_features=500, bias=True)
    (7): BatchNorm1d(500, eps=1e-05, momentum=0.1, affine=True, track_running_stats=True)
    (8): ReLU()
    (9): Linear(in_features=500, out_features=500, bias=True)
    (10): BatchNorm1d(500, eps=1e-05, momentum=0.1, affine=True, track_running_stats=True)
    (11): ReLU()
    (12): Linear(in_features=500, out_features=500, bias=True)
    (13): BatchNorm1d(500, eps=1e-05, momentum=0.1, affine=True, track_running_stats=True)
    (14): ReLU()
    (15): Linear(in_features=500, out_features=500, bias=True)
    (16): BatchNorm1d(500, eps=1e-05, momentum=0.1, affine=True, track_running_stats=True)
    (17): ReLU()
    (18): Linear(in_features=500, out_features=100, bias=True)
  )
  (rho): Sequential(
    (0): Linear(in_features=100, out_features=500, bias=True)
    (1): BatchNorm1d(500, eps=1e-05, momentum=0.1, affine=True, track_running_stats=True)
    (2): ReLU()
    (3): Linear(in_features=500, out_features=500, bias=True)
    (4): BatchNorm1d(500, eps=1e-05, momentum=0.1, affine=True, track_running_stats=True)
    (5): ReLU()
    (6): Linear(in_features=500, out_features=500, bias=True)
    (7): BatchNorm1d(500, eps=1e-05, momentum=0.1, affine=True, track_running_stats=True)
    (8): ReLU()
    (9): Linear(in_features=500, out_features=500, bias=True)
    (10): BatchNorm1d(500, eps=1e-05, momentum=0.1, affine=True, track_running_stats=True)
    (11): ReLU()
    (12): Linear(in_features=500, out_features=500, bias=True)
    (13): BatchNorm1d(500, eps=1e-05, momentum=0.1, affine=True, track_running_stats=True)
    (14): ReLU()
    (15): Linear(in_features=500, out_features=100, bias=True)
  )
  (xi): Sequential(
    (0): Linear(in_features=110, out_features=500, bias=True)
    (1): BatchNorm1d(500, eps=1e-05, momentum=0.1, affine=True, track_running_stats=True)
    (2): ReLU()
    (3): Linear(in_features=500, out_features=500, bias=True)
    (4): BatchNorm1d(500, eps=1e-05, momentum=0.1, affine=True, track_running_stats=True)
    (5): ReLU()
    (6): Linear(in_features=500, out_features=500, bias=True)
    (7): BatchNorm1d(500, eps=1e-05, momentum=0.1, affine=True, track_running_stats=True)
    (8): ReLU()
    (9): Linear(in_features=500, out_features=1, bias=True)
  )
)
/private/home/kartikahuja/icl/models/run_18n1suqy/model_checkpoint_100.pt
/private/home/kartikahuja/icl/models/run_18n1suqy/model_checkpoint_200.pt
/private/home/kartikahuja/icl/models/run_18n1suqy/model_checkpoint_300.pt
/private/home/kartikahuja/icl/models/run_18n1suqy/model_checkpoint_400.pt
/private/home/kartikahuja/icl/models/run_18n1suqy/model_checkpoint_500.pt
Checkpoint index: 100, Loss values: [12.807515144348145, 12.43022346496582, 11.556004524230957, 10.510039329528809, 9.39901065826416, 8.386588096618652, 7.440937519073486, 6.6851277351379395, 5.986151218414307, 5.471129417419434, 4.950856685638428, 4.577228546142578, 4.203505516052246, 3.9152746200561523, 3.6602940559387207, 3.4382221698760986, 3.2059855461120605, 3.0733799934387207, 2.9244258403778076, 2.776714324951172, 2.6650922298431396, 2.5603089332580566, 2.485102653503418, 2.39373779296875, 2.3234407901763916, 2.235501527786255, 2.198762893676758, 2.1487247943878174, 2.0945329666137695, 2.052075147628784, 2.007699489593506, 1.964496374130249, 1.9387377500534058, 1.9061756134033203, 1.8722741603851318, 1.8411662578582764, 1.8160618543624878, 1.7853403091430664, 1.766628623008728, 1.7498689889907837, 1.7261989116668701, 1.7092945575714111, 1.6978569030761719, 1.6718796491622925, 1.668312668800354, 1.6463303565979004, 1.6423208713531494, 1.6240029335021973, 1.6057769060134888]
Checkpoint index: 200, Loss values: [14.988767623901367, 14.08252239227295, 13.022327423095703, 11.885189056396484, 10.60989761352539, 9.441137313842773, 8.284829139709473, 7.357595443725586, 6.572233200073242, 5.955300807952881, 5.362902641296387, 4.936002254486084, 4.476626396179199, 4.156966209411621, 3.8747189044952393, 3.623758316040039, 3.371741771697998, 3.2228639125823975, 3.0657949447631836, 2.9032797813415527, 2.7852766513824463, 2.676701307296753, 2.5793254375457764, 2.4864232540130615, 2.401533365249634, 2.310129165649414, 2.2732691764831543, 2.209213972091675, 2.1592953205108643, 2.1105992794036865, 2.06461238861084, 2.0226664543151855, 1.9871331453323364, 1.9566971063613892, 1.9161498546600342, 1.8865247964859009, 1.8645652532577515, 1.8343325853347778, 1.8104552030563354, 1.7878005504608154, 1.7679256200790405, 1.7473335266113281, 1.7410660982131958, 1.7073336839675903, 1.7048696279525757, 1.6854525804519653, 1.6742407083511353, 1.6546653509140015, 1.6384649276733398]
Checkpoint index: 300, Loss values: [15.129751205444336, 14.150335311889648, 13.059837341308594, 11.989548683166504, 10.785801887512207, 9.68609619140625, 8.550274848937988, 7.6083984375, 6.8166584968566895, 6.1760334968566895, 5.541774272918701, 5.087387561798096, 4.629116535186768, 4.2857465744018555, 3.9809014797210693, 3.7168846130371094, 3.4648780822753906, 3.304914951324463, 3.1379096508026123, 2.9643032550811768, 2.839872121810913, 2.7313387393951416, 2.6343994140625, 2.5313880443573, 2.444549083709717, 2.359184980392456, 2.3117942810058594, 2.2501165866851807, 2.1966123580932617, 2.1481399536132812, 2.099081039428711, 2.053394317626953, 2.0219290256500244, 1.9876943826675415, 1.949141025543213, 1.9148509502410889, 1.8951618671417236, 1.85843026638031, 1.8334763050079346, 1.8143821954727173, 1.7950304746627808, 1.7753803730010986, 1.7618542909622192, 1.7286605834960938, 1.7248767614364624, 1.7034633159637451, 1.6932613849639893, 1.6753361225128174, 1.659316062927246]
Checkpoint index: 400, Loss values: [15.4716157913208, 14.435718536376953, 13.292372703552246, 12.233930587768555, 11.094365119934082, 9.989615440368652, 8.854544639587402, 7.8867692947387695, 7.027281761169434, 6.385697364807129, 5.728103160858154, 5.246065139770508, 4.757899761199951, 4.404547214508057, 4.090188503265381, 3.810048818588257, 3.5514838695526123, 3.3721983432769775, 3.203648567199707, 3.0243780612945557, 2.895540952682495, 2.784482717514038, 2.677727460861206, 2.579026222229004, 2.4915478229522705, 2.3906211853027344, 2.3470234870910645, 2.283952236175537, 2.2364017963409424, 2.1816840171813965, 2.132323980331421, 2.0874035358428955, 2.0494751930236816, 2.014824390411377, 1.977029800415039, 1.9418668746948242, 1.9178518056869507, 1.8856499195098877, 1.8595502376556396, 1.840956687927246, 1.8174479007720947, 1.794392466545105, 1.783636450767517, 1.7501016855239868, 1.74836003780365, 1.7264035940170288, 1.716818928718567, 1.6963704824447632, 1.6824697256088257]
Checkpoint index: 500, Loss values: [15.247912406921387, 14.344651222229004, 13.245935440063477, 12.259849548339844, 11.115480422973633, 10.02773666381836, 8.896069526672363, 7.927454948425293, 7.104630470275879, 6.429620742797852, 5.763871192932129, 5.288788795471191, 4.811481475830078, 4.442902565002441, 4.122992992401123, 3.8396248817443848, 3.578279972076416, 3.4020893573760986, 3.230177402496338, 3.0527641773223877, 2.9149904251098633, 2.8036162853240967, 2.699802875518799, 2.600682497024536, 2.505004644393921, 2.4081871509552, 2.3589746952056885, 2.2968554496765137, 2.247771978378296, 2.1904842853546143, 2.145059823989868, 2.0977234840393066, 2.0621888637542725, 2.0246551036834717, 1.9866728782653809, 1.953187346458435, 1.9297324419021606, 1.8949750661849976, 1.8692646026611328, 1.8472801446914673, 1.8254988193511963, 1.7984235286712646, 1.7911022901535034, 1.7603636980056763, 1.7531903982162476, 1.7338494062423706, 1.7254934310913086, 1.6997886896133423, 1.6864473819732666]

Quinfig
-------
config: confs/linear_regression_icl4.yaml
data:
  data_dim: 10
  noise: true
  num_examples: 10000000
  prompt_max_len_test: 50
  prompt_max_len_train: 50
model:
  activations:
  - ReLU
  architecture: MLP_large
  batch_norms:
  - true
  dropouts:
  - 0.0
  input_dim: 11
  layer_norms:
  - false
  lr: 0.001
  num_epochs: 500
  output_dim: 1
  psi_hidden_dim: 500
  psi_output_dim: 100
  rho_hidden_dim: 500
  rho_output_dim: 100
  xi_hidden_dim: 500
out_dir: /private/home/kartikahuja/icl/models/
wandb_entity: kartik-ahuja

