# conda environments:
#
base                     /private/home/kartikahuja/.conda/envs/balancinggroups
in-context-learning   *  /private/home/kartikahuja/.conda/envs/balancinggroups/envs/in-context-learning
in-context-learning      /private/home/kartikahuja/.conda/envs/in-context-learning
my_env                   /private/home/kartikahuja/.conda/envs/my_env

Quinfig
-------
config: confs/linear_regression_icl5.yaml
data:
  data_dim: 10
  noise: false
  num_examples: 10000000
  prompt_max_len_test: 50
  prompt_max_len_train: 50
model:
  activations:
  - ReLU
  architecture: MLP_vvsmall
  batch_norms:
  - true
  dropouts:
  - 0.0
  input_dim: 11
  layer_norms:
  - false
  lr: 0.001
  num_epochs: 500
  output_dim: 1
  psi_hidden_dim: 500
  psi_output_dim: 100
  rho_hidden_dim: 500
  rho_output_dim: 100
  xi_hidden_dim: 500
out_dir: /private/home/kartikahuja/icl/models/
wandb_entity: kartik-ahuja

MLPset(
  (psi): Sequential(
    (0): Linear(in_features=11, out_features=100, bias=True)
  )
  (rho): Sequential(
    (0): Linear(in_features=100, out_features=100, bias=True)
  )
  (xi): Sequential(
    (0): Linear(in_features=110, out_features=500, bias=True)
    (1): BatchNorm1d(500, eps=1e-05, momentum=0.1, affine=True, track_running_stats=True)
    (2): ReLU()
    (3): Linear(in_features=500, out_features=1, bias=True)
  )
)
/private/home/kartikahuja/icl/models/run_2k4kzwec/model_checkpoint_100.pt
/private/home/kartikahuja/icl/models/run_2k4kzwec/model_checkpoint_200.pt
/private/home/kartikahuja/icl/models/run_2k4kzwec/model_checkpoint_300.pt
/private/home/kartikahuja/icl/models/run_2k4kzwec/model_checkpoint_400.pt
/private/home/kartikahuja/icl/models/run_2k4kzwec/model_checkpoint_500.pt
Checkpoint index: 100, Loss values: [9.923896789550781, 9.502419471740723, 9.341670989990234, 9.326505661010742, 9.263806343078613, 9.257974624633789, 9.173849105834961, 9.193658828735352, 9.170515060424805, 9.195141792297363, 9.17493724822998, 9.151248931884766, 9.145526885986328, 9.186246871948242, 9.169296264648438, 9.096542358398438, 9.12171459197998, 9.132207870483398, 9.111265182495117, 9.199355125427246, 9.15244197845459, 9.107394218444824, 9.161319732666016, 9.166866302490234, 9.219721794128418, 9.098386764526367, 9.081955909729004, 9.163651466369629, 9.141918182373047, 9.136964797973633, 9.125560760498047, 9.10604190826416, 9.193285942077637, 9.108468055725098, 9.10114860534668, 9.125999450683594, 9.184120178222656, 9.115838050842285, 9.145474433898926, 9.105142593383789, 9.194809913635254, 9.105366706848145, 9.137018203735352, 9.170600891113281, 9.139381408691406, 9.190561294555664, 9.167346954345703, 9.178401947021484, 9.158381462097168]
Checkpoint index: 200, Loss values: [9.788480758666992, 9.447385787963867, 9.295526504516602, 9.287505149841309, 9.237966537475586, 9.233854293823242, 9.153902053833008, 9.183221817016602, 9.150445938110352, 9.185015678405762, 9.159952163696289, 9.146126747131348, 9.123716354370117, 9.175357818603516, 9.169201850891113, 9.082275390625, 9.108888626098633, 9.120945930480957, 9.093400955200195, 9.185338020324707, 9.135735511779785, 9.096636772155762, 9.150491714477539, 9.149985313415527, 9.213215827941895, 9.09304428100586, 9.07271957397461, 9.15631103515625, 9.12203598022461, 9.121761322021484, 9.110791206359863, 9.09122371673584, 9.173519134521484, 9.098550796508789, 9.086067199707031, 9.115394592285156, 9.170619010925293, 9.100578308105469, 9.129631996154785, 9.090781211853027, 9.183209419250488, 9.089433670043945, 9.118404388427734, 9.15728759765625, 9.125467300415039, 9.176661491394043, 9.151494979858398, 9.161580085754395, 9.146592140197754]
Checkpoint index: 300, Loss values: [9.85463809967041, 9.486398696899414, 9.321065902709961, 9.308985710144043, 9.247880935668945, 9.247802734375, 9.161993980407715, 9.181559562683105, 9.151469230651855, 9.182899475097656, 9.160760879516602, 9.143342018127441, 9.124645233154297, 9.178565979003906, 9.165181159973145, 9.08510684967041, 9.106345176696777, 9.117667198181152, 9.094379425048828, 9.183321952819824, 9.130803108215332, 9.096456527709961, 9.149744033813477, 9.147467613220215, 9.207232475280762, 9.083526611328125, 9.069230079650879, 9.153656959533691, 9.122689247131348, 9.11467170715332, 9.107684135437012, 9.08531665802002, 9.170675277709961, 9.094313621520996, 9.079838752746582, 9.115863800048828, 9.162487030029297, 9.093927383422852, 9.121644020080566, 9.088376998901367, 9.176053047180176, 9.087611198425293, 9.112079620361328, 9.147673606872559, 9.11767578125, 9.171974182128906, 9.144699096679688, 9.156067848205566, 9.141972541809082]
Checkpoint index: 400, Loss values: [9.748882293701172, 9.443890571594238, 9.296124458312988, 9.288352966308594, 9.241974830627441, 9.23556137084961, 9.155109405517578, 9.174064636230469, 9.143563270568848, 9.177254676818848, 9.156185150146484, 9.139052391052246, 9.117393493652344, 9.173856735229492, 9.158291816711426, 9.079300880432129, 9.104087829589844, 9.11230754852295, 9.093138694763184, 9.178436279296875, 9.127546310424805, 9.0919771194458, 9.146993637084961, 9.14371109008789, 9.20556354522705, 9.078688621520996, 9.06480598449707, 9.15267276763916, 9.120404243469238, 9.110807418823242, 9.104190826416016, 9.086244583129883, 9.171344757080078, 9.094646453857422, 9.080224990844727, 9.112284660339355, 9.161498069763184, 9.090601921081543, 9.12014389038086, 9.086238861083984, 9.177897453308105, 9.084383964538574, 9.11209774017334, 9.149251937866211, 9.118855476379395, 9.170853614807129, 9.144383430480957, 9.155233383178711, 9.139310836791992]
Checkpoint index: 500, Loss values: [9.794852256774902, 9.475957870483398, 9.323171615600586, 9.302745819091797, 9.246954917907715, 9.248504638671875, 9.158876419067383, 9.175769805908203, 9.151525497436523, 9.184536933898926, 9.1574068069458, 9.141763687133789, 9.12543773651123, 9.176414489746094, 9.163277626037598, 9.083641052246094, 9.107474327087402, 9.119437217712402, 9.097121238708496, 9.183561325073242, 9.133221626281738, 9.094850540161133, 9.150038719177246, 9.148629188537598, 9.209746360778809, 9.080495834350586, 9.067904472351074, 9.1487455368042, 9.127103805541992, 9.114401817321777, 9.10312557220459, 9.089262008666992, 9.171308517456055, 9.094327926635742, 9.080199241638184, 9.107786178588867, 9.162772178649902, 9.091361999511719, 9.121143341064453, 9.083355903625488, 9.175321578979492, 9.082825660705566, 9.109553337097168, 9.14694595336914, 9.116445541381836, 9.167692184448242, 9.141234397888184, 9.153746604919434, 9.135725021362305]

Quinfig
-------
config: confs/linear_regression_icl6.yaml
data:
  data_dim: 10
  noise: false
  num_examples: 10000000
  prompt_max_len_test: 50
  prompt_max_len_train: 50
model:
  activations:
  - ReLU
  architecture: MLP_mvsmall
  batch_norms:
  - true
  dropouts:
  - 0.0
  input_dim: 11
  layer_norms:
  - false
  lr: 0.001
  num_epochs: 500
  output_dim: 1
  psi_hidden_dim: 500
  psi_output_dim: 100
  rho_hidden_dim: 500
  rho_output_dim: 100
  xi_hidden_dim: 500
out_dir: /private/home/kartikahuja/icl/models/
wandb_entity: kartik-ahuja

MLPset(
  (psi): Sequential(
    (0): Linear(in_features=11, out_features=500, bias=True)
    (1): BatchNorm1d(500, eps=1e-05, momentum=0.1, affine=True, track_running_stats=True)
    (2): ReLU()
    (3): Linear(in_features=500, out_features=100, bias=True)
  )
  (rho): Sequential(
    (0): Linear(in_features=100, out_features=100, bias=True)
  )
  (xi): Sequential(
    (0): Linear(in_features=110, out_features=500, bias=True)
    (1): BatchNorm1d(500, eps=1e-05, momentum=0.1, affine=True, track_running_stats=True)
    (2): ReLU()
    (3): Linear(in_features=500, out_features=1, bias=True)
  )
)
/private/home/kartikahuja/icl/models/run_2lqbddi4/model_checkpoint_100.pt
/private/home/kartikahuja/icl/models/run_2lqbddi4/model_checkpoint_200.pt
/private/home/kartikahuja/icl/models/run_2lqbddi4/model_checkpoint_300.pt
/private/home/kartikahuja/icl/models/run_2lqbddi4/model_checkpoint_400.pt
/private/home/kartikahuja/icl/models/run_2lqbddi4/model_checkpoint_500.pt
Checkpoint index: 100, Loss values: [11.976831436157227, 9.957026481628418, 8.588515281677246, 7.501641273498535, 6.605663776397705, 5.910105228424072, 5.274438381195068, 4.8020172119140625, 4.3520188331604, 3.9809157848358154, 3.635291337966919, 3.3703362941741943, 3.1141960620880127, 2.902440309524536, 2.719006061553955, 2.5100786685943604, 2.3629300594329834, 2.2233786582946777, 2.101114511489868, 2.0013768672943115, 1.894173264503479, 1.8005503416061401, 1.7211066484451294, 1.6338523626327515, 1.5597636699676514, 1.4794117212295532, 1.427039623260498, 1.3963515758514404, 1.3326995372772217, 1.27817702293396, 1.2371412515640259, 1.1954594850540161, 1.1472834348678589, 1.1133527755737305, 1.0890547037124634, 1.0525275468826294, 1.0243021249771118, 0.9880348443984985, 0.9720376133918762, 0.9469888210296631, 0.9197325706481934, 0.9016623497009277, 0.8779314756393433, 0.8615593314170837, 0.8447092771530151, 0.8282462358474731, 0.8063565492630005, 0.7939886450767517, 0.7809966206550598]
Checkpoint index: 200, Loss values: [11.814681053161621, 9.853472709655762, 8.516220092773438, 7.393810749053955, 6.538878440856934, 5.831813335418701, 5.216480255126953, 4.737673759460449, 4.275240421295166, 3.9098331928253174, 3.558351755142212, 3.2891924381256104, 3.0304172039031982, 2.8234481811523438, 2.641477584838867, 2.4317708015441895, 2.2826240062713623, 2.145601749420166, 2.0211234092712402, 1.9227739572525024, 1.8173779249191284, 1.7217758893966675, 1.6452869176864624, 1.5587220191955566, 1.4878110885620117, 1.4109467267990112, 1.358240008354187, 1.3252261877059937, 1.2632054090499878, 1.2119799852371216, 1.1728742122650146, 1.1267244815826416, 1.08247709274292, 1.052937626838684, 1.024804949760437, 0.9906028509140015, 0.9653743505477905, 0.9311385154724121, 0.9138555526733398, 0.8921719789505005, 0.8685370087623596, 0.8494160771369934, 0.8279731273651123, 0.8102614879608154, 0.794735312461853, 0.783342719078064, 0.7599433660507202, 0.7482786178588867, 0.7355416417121887]
Checkpoint index: 300, Loss values: [11.720505714416504, 9.814635276794434, 8.51440143585205, 7.3962321281433105, 6.552398204803467, 5.842779636383057, 5.218950271606445, 4.731833457946777, 4.2783074378967285, 3.9071204662323, 3.5557992458343506, 3.2851946353912354, 3.0254509449005127, 2.815704822540283, 2.625110626220703, 2.4204330444335938, 2.271488904953003, 2.1372883319854736, 2.0131947994232178, 1.9070758819580078, 1.8067657947540283, 1.7097601890563965, 1.6301244497299194, 1.5434932708740234, 1.4688606262207031, 1.396422028541565, 1.3449604511260986, 1.3106426000595093, 1.2484484910964966, 1.1959655284881592, 1.1571526527404785, 1.1123758554458618, 1.0670762062072754, 1.0360971689224243, 1.0082377195358276, 0.9735026955604553, 0.9482393860816956, 0.9173750281333923, 0.8986393213272095, 0.8764577507972717, 0.8480401039123535, 0.8330428600311279, 0.8125289678573608, 0.792481541633606, 0.7775580883026123, 0.7671188116073608, 0.7415016889572144, 0.7317342162132263, 0.7204657793045044]
Checkpoint index: 400, Loss values: [11.654626846313477, 9.807476997375488, 8.494190216064453, 7.399561405181885, 6.548501491546631, 5.827539443969727, 5.203632831573486, 4.73278284072876, 4.27448034286499, 3.9021522998809814, 3.5442042350769043, 3.276125431060791, 3.021946668624878, 2.803783416748047, 2.6238553524017334, 2.4098448753356934, 2.262868642807007, 2.1268014907836914, 1.9978067874908447, 1.8938148021697998, 1.7914153337478638, 1.6988539695739746, 1.6187446117401123, 1.5327705144882202, 1.4607815742492676, 1.3842939138412476, 1.331876277923584, 1.2983747720718384, 1.237149715423584, 1.1849104166030884, 1.144151210784912, 1.1027120351791382, 1.059171438217163, 1.0277386903762817, 1.0002739429473877, 0.9641684889793396, 0.938880443572998, 0.9079006314277649, 0.8872391581535339, 0.8674780130386353, 0.8418579697608948, 0.8268977403640747, 0.8043113946914673, 0.7863243222236633, 0.7711670398712158, 0.7579343914985657, 0.7370041012763977, 0.727388322353363, 0.7149462103843689]
Checkpoint index: 500, Loss values: [11.670615196228027, 9.826339721679688, 8.504861831665039, 7.39297342300415, 6.541477203369141, 5.832788467407227, 5.202608585357666, 4.724087715148926, 4.259416580200195, 3.8918051719665527, 3.5415430068969727, 3.2697908878326416, 3.013770580291748, 2.806277275085449, 2.605889081954956, 2.3993775844573975, 2.254438877105713, 2.1183853149414062, 1.9874002933502197, 1.8905266523361206, 1.7852447032928467, 1.6932677030563354, 1.610662579536438, 1.5281667709350586, 1.4539203643798828, 1.3789149522781372, 1.3251274824142456, 1.2913979291915894, 1.2349516153335571, 1.1813491582870483, 1.1432493925094604, 1.0988231897354126, 1.05605149269104, 1.0247023105621338, 0.9980332255363464, 0.9609439969062805, 0.9346246719360352, 0.9032964706420898, 0.8834301233291626, 0.8651191592216492, 0.8386645913124084, 0.824734628200531, 0.8032183051109314, 0.7847474813461304, 0.7713192105293274, 0.7561039328575134, 0.7347089052200317, 0.7243420481681824, 0.7140137553215027]

Quinfig
-------
config: confs/linear_regression_icl7.yaml
data:
  data_dim: 10
  noise: false
  num_examples: 10000000
  prompt_max_len_test: 50
  prompt_max_len_train: 50
model:
  activations:
  - ReLU
  architecture: MLP_small
  batch_norms:
  - true
  dropouts:
  - 0.0
  input_dim: 11
  layer_norms:
  - false
  lr: 0.001
  num_epochs: 500
  output_dim: 1
  psi_hidden_dim: 500
  psi_output_dim: 100
  rho_hidden_dim: 500
  rho_output_dim: 100
  xi_hidden_dim: 500
out_dir: /private/home/kartikahuja/icl/models/
wandb_entity: kartik-ahuja

MLPset(
  (psi): Sequential(
    (0): Linear(in_features=11, out_features=500, bias=True)
    (1): BatchNorm1d(500, eps=1e-05, momentum=0.1, affine=True, track_running_stats=True)
    (2): ReLU()
    (3): Linear(in_features=500, out_features=500, bias=True)
    (4): BatchNorm1d(500, eps=1e-05, momentum=0.1, affine=True, track_running_stats=True)
    (5): ReLU()
    (6): Linear(in_features=500, out_features=500, bias=True)
    (7): BatchNorm1d(500, eps=1e-05, momentum=0.1, affine=True, track_running_stats=True)
    (8): ReLU()
    (9): Linear(in_features=500, out_features=100, bias=True)
  )
  (rho): Sequential(
    (0): Linear(in_features=100, out_features=500, bias=True)
    (1): BatchNorm1d(500, eps=1e-05, momentum=0.1, affine=True, track_running_stats=True)
    (2): ReLU()
    (3): Linear(in_features=500, out_features=500, bias=True)
    (4): BatchNorm1d(500, eps=1e-05, momentum=0.1, affine=True, track_running_stats=True)
    (5): ReLU()
    (6): Linear(in_features=500, out_features=500, bias=True)
    (7): BatchNorm1d(500, eps=1e-05, momentum=0.1, affine=True, track_running_stats=True)
    (8): ReLU()
    (9): Linear(in_features=500, out_features=100, bias=True)
  )
  (xi): Sequential(
    (0): Linear(in_features=110, out_features=500, bias=True)
    (1): BatchNorm1d(500, eps=1e-05, momentum=0.1, affine=True, track_running_stats=True)
    (2): ReLU()
    (3): Linear(in_features=500, out_features=1, bias=True)
  )
)
/private/home/kartikahuja/icl/models/run_2wbbizo0/model_checkpoint_100.pt
/private/home/kartikahuja/icl/models/run_2wbbizo0/model_checkpoint_200.pt
/private/home/kartikahuja/icl/models/run_2wbbizo0/model_checkpoint_300.pt
/private/home/kartikahuja/icl/models/run_2wbbizo0/model_checkpoint_400.pt
/private/home/kartikahuja/icl/models/run_2wbbizo0/model_checkpoint_500.pt
Checkpoint index: 100, Loss values: [10.500744819641113, 9.638301849365234, 8.692913055419922, 7.755251884460449, 6.882199764251709, 5.9972333908081055, 5.1256232261657715, 4.418693542480469, 3.734496831893921, 3.202730417251587, 2.729753255844116, 2.3464388847351074, 2.006821632385254, 1.7402751445770264, 1.5239646434783936, 1.3192170858383179, 1.172054648399353, 1.047675609588623, 0.9427142143249512, 0.8558855056762695, 0.771882951259613, 0.7121213674545288, 0.6557178497314453, 0.6048486828804016, 0.560770571231842, 0.5213776230812073, 0.49157989025115967, 0.4628947675228119, 0.4401092827320099, 0.4143017530441284, 0.39511507749557495, 0.37693890929222107, 0.3594554364681244, 0.34344369173049927, 0.3338533639907837, 0.317179411649704, 0.30872923135757446, 0.29700958728790283, 0.28931039571762085, 0.27972376346588135, 0.27253594994544983, 0.26613056659698486, 0.2588720917701721, 0.24987797439098358, 0.2470090389251709, 0.2434740662574768, 0.23458503186702728, 0.23087288439273834, 0.2261044830083847]
Checkpoint index: 200, Loss values: [12.227396965026855, 10.865900039672852, 9.65974235534668, 8.587714195251465, 7.512006759643555, 6.487117290496826, 5.50712251663208, 4.703547477722168, 3.9671542644500732, 3.3823623657226562, 2.885861873626709, 2.4837987422943115, 2.133175849914551, 1.856054663658142, 1.635329246520996, 1.422377347946167, 1.2656469345092773, 1.138575553894043, 1.0243918895721436, 0.9373957514762878, 0.8553977608680725, 0.7868480682373047, 0.725048840045929, 0.672792911529541, 0.6266158819198608, 0.5839996337890625, 0.5531877279281616, 0.519861102104187, 0.49646952748298645, 0.4678780138492584, 0.44829124212265015, 0.42783302068710327, 0.4099351167678833, 0.39325249195098877, 0.3812023401260376, 0.3651607930660248, 0.35659846663475037, 0.34201738238334656, 0.33239901065826416, 0.32428237795829773, 0.31618213653564453, 0.3077293932437897, 0.29960328340530396, 0.2908898591995239, 0.2899724245071411, 0.28301388025283813, 0.27491632103919983, 0.27224135398864746, 0.2655912935733795]
Checkpoint index: 300, Loss values: [12.710779190063477, 11.308732032775879, 10.021265029907227, 8.84692668914795, 7.640751361846924, 6.560094356536865, 5.550595283508301, 4.720300674438477, 3.9446094036102295, 3.3624730110168457, 2.853466033935547, 2.444197654724121, 2.098182439804077, 1.8223837614059448, 1.5963916778564453, 1.3935928344726562, 1.233062744140625, 1.1073068380355835, 0.996536135673523, 0.911225438117981, 0.825993001461029, 0.7573888897895813, 0.6954557299613953, 0.6450116634368896, 0.5993241667747498, 0.5569995641708374, 0.5253770351409912, 0.49487999081611633, 0.47099241614341736, 0.4427383244037628, 0.4214302897453308, 0.4017491638660431, 0.38356414437294006, 0.36664286255836487, 0.3541773557662964, 0.3398256301879883, 0.32999682426452637, 0.3178029954433441, 0.3065674602985382, 0.29939931631088257, 0.29083967208862305, 0.28266942501068115, 0.27495068311691284, 0.26619189977645874, 0.26376256346702576, 0.25699952244758606, 0.24876467883586884, 0.24730311334133148, 0.2410801351070404]
Checkpoint index: 400, Loss values: [13.76733112335205, 11.993529319763184, 10.565946578979492, 9.298386573791504, 7.992420673370361, 6.814039707183838, 5.73687744140625, 4.831076622009277, 4.039090633392334, 3.428525447845459, 2.8970704078674316, 2.484485387802124, 2.1327006816864014, 1.8509951829910278, 1.6182336807250977, 1.4115545749664307, 1.2550787925720215, 1.121485710144043, 1.007384181022644, 0.9193052053451538, 0.8376379013061523, 0.7684857249259949, 0.7019204497337341, 0.6485572457313538, 0.6016491055488586, 0.5606644749641418, 0.5288851261138916, 0.4961041808128357, 0.4727116525173187, 0.4445731043815613, 0.42316076159477234, 0.402570515871048, 0.38350531458854675, 0.36660218238830566, 0.3538803458213806, 0.3383910655975342, 0.3288787007331848, 0.31607764959335327, 0.3056715726852417, 0.29792824387550354, 0.2883491516113281, 0.28176209330558777, 0.2724670171737671, 0.26392799615859985, 0.2609708905220032, 0.255430668592453, 0.2468031793832779, 0.2432870715856552, 0.2369292676448822]
Checkpoint index: 500, Loss values: [14.194143295288086, 12.27023696899414, 10.758344650268555, 9.43284797668457, 8.057367324829102, 6.859345436096191, 5.7798004150390625, 4.866090297698975, 4.076290130615234, 3.454862356185913, 2.9147276878356934, 2.499558210372925, 2.144622564315796, 1.8604979515075684, 1.6251022815704346, 1.4192166328430176, 1.2583205699920654, 1.1252772808074951, 1.0135830640792847, 0.9233964681625366, 0.8405570387840271, 0.7722293138504028, 0.7064467668533325, 0.6538347005844116, 0.605423092842102, 0.5666620135307312, 0.5327925682067871, 0.5006110072135925, 0.47489243745803833, 0.4479297995567322, 0.42555609345436096, 0.4046197533607483, 0.38614290952682495, 0.36910074949264526, 0.3569003939628601, 0.3404240012168884, 0.33081480860710144, 0.3184070289134979, 0.30769485235214233, 0.2992834150791168, 0.290691077709198, 0.28372299671173096, 0.2733771800994873, 0.2668284773826599, 0.2630065083503723, 0.2557850778102875, 0.24900208413600922, 0.24533723294734955, 0.23877550661563873]

Quinfig
-------
config: confs/linear_regression_icl8.yaml
data:
  data_dim: 10
  noise: false
  num_examples: 10000000
  prompt_max_len_test: 50
  prompt_max_len_train: 50
model:
  activations:
  - ReLU
  architecture: MLP_medium
  batch_norms:
  - true
  dropouts:
  - 0.0
  input_dim: 11
  layer_norms:
  - false
  lr: 0.001
  num_epochs: 500
  output_dim: 1
  psi_hidden_dim: 500
  psi_output_dim: 100
  rho_hidden_dim: 500
  rho_output_dim: 100
  xi_hidden_dim: 500
out_dir: /private/home/kartikahuja/icl/models/
wandb_entity: kartik-ahuja

MLPset(
  (psi): Sequential(
    (0): Linear(in_features=11, out_features=500, bias=True)
    (1): BatchNorm1d(500, eps=1e-05, momentum=0.1, affine=True, track_running_stats=True)
    (2): ReLU()
    (3): Linear(in_features=500, out_features=500, bias=True)
    (4): BatchNorm1d(500, eps=1e-05, momentum=0.1, affine=True, track_running_stats=True)
    (5): ReLU()
    (6): Linear(in_features=500, out_features=500, bias=True)
    (7): BatchNorm1d(500, eps=1e-05, momentum=0.1, affine=True, track_running_stats=True)
    (8): ReLU()
    (9): Linear(in_features=500, out_features=500, bias=True)
    (10): BatchNorm1d(500, eps=1e-05, momentum=0.1, affine=True, track_running_stats=True)
    (11): ReLU()
    (12): Linear(in_features=500, out_features=500, bias=True)
    (13): BatchNorm1d(500, eps=1e-05, momentum=0.1, affine=True, track_running_stats=True)
    (14): ReLU()
    (15): Linear(in_features=500, out_features=500, bias=True)
    (16): BatchNorm1d(500, eps=1e-05, momentum=0.1, affine=True, track_running_stats=True)
    (17): ReLU()
    (18): Linear(in_features=500, out_features=100, bias=True)
  )
  (rho): Sequential(
    (0): Linear(in_features=100, out_features=500, bias=True)
    (1): BatchNorm1d(500, eps=1e-05, momentum=0.1, affine=True, track_running_stats=True)
    (2): ReLU()
    (3): Linear(in_features=500, out_features=500, bias=True)
    (4): BatchNorm1d(500, eps=1e-05, momentum=0.1, affine=True, track_running_stats=True)
    (5): ReLU()
    (6): Linear(in_features=500, out_features=500, bias=True)
    (7): BatchNorm1d(500, eps=1e-05, momentum=0.1, affine=True, track_running_stats=True)
    (8): ReLU()
    (9): Linear(in_features=500, out_features=500, bias=True)
    (10): BatchNorm1d(500, eps=1e-05, momentum=0.1, affine=True, track_running_stats=True)
    (11): ReLU()
    (12): Linear(in_features=500, out_features=500, bias=True)
    (13): BatchNorm1d(500, eps=1e-05, momentum=0.1, affine=True, track_running_stats=True)
    (14): ReLU()
    (15): Linear(in_features=500, out_features=100, bias=True)
  )
  (xi): Sequential(
    (0): Linear(in_features=110, out_features=500, bias=True)
    (1): BatchNorm1d(500, eps=1e-05, momentum=0.1, affine=True, track_running_stats=True)
    (2): ReLU()
    (3): Linear(in_features=500, out_features=500, bias=True)
    (4): BatchNorm1d(500, eps=1e-05, momentum=0.1, affine=True, track_running_stats=True)
    (5): ReLU()
    (6): Linear(in_features=500, out_features=500, bias=True)
    (7): BatchNorm1d(500, eps=1e-05, momentum=0.1, affine=True, track_running_stats=True)
    (8): ReLU()
    (9): Linear(in_features=500, out_features=1, bias=True)
  )
)
/private/home/kartikahuja/icl/models/run_7m4d43py/model_checkpoint_100.pt
/private/home/kartikahuja/icl/models/run_7m4d43py/model_checkpoint_200.pt
/private/home/kartikahuja/icl/models/run_7m4d43py/model_checkpoint_300.pt
/private/home/kartikahuja/icl/models/run_7m4d43py/model_checkpoint_400.pt
/private/home/kartikahuja/icl/models/run_7m4d43py/model_checkpoint_500.pt
Checkpoint index: 100, Loss values: [12.098978042602539, 11.121810913085938, 9.85401439666748, 8.519625663757324, 7.227568626403809, 6.078470706939697, 5.038731575012207, 4.255133152008057, 3.5158140659332275, 2.96602201461792, 2.4915530681610107, 2.1208372116088867, 1.7963639497756958, 1.560451865196228, 1.354822039604187, 1.1723740100860596, 1.0403419733047485, 0.9253671765327454, 0.8304762840270996, 0.7435957789421082, 0.6803628206253052, 0.6223264336585999, 0.5725998282432556, 0.526767909526825, 0.4866132438182831, 0.4546746611595154, 0.4267125129699707, 0.4040006697177887, 0.3834882974624634, 0.3610968291759491, 0.3429151475429535, 0.3266889750957489, 0.3104313611984253, 0.29823893308639526, 0.289760023355484, 0.2753935754299164, 0.26769784092903137, 0.25901585817337036, 0.25047415494918823, 0.24154245853424072, 0.2352951616048813, 0.22830720245838165, 0.22343289852142334, 0.21709835529327393, 0.21362371742725372, 0.2073991745710373, 0.20190909504890442, 0.19987264275550842, 0.19477055966854095]
Checkpoint index: 200, Loss values: [13.289435386657715, 12.096487045288086, 10.774264335632324, 9.40197467803955, 8.006816864013672, 6.717732906341553, 5.529340744018555, 4.621176719665527, 3.7740061283111572, 3.170866012573242, 2.6406826972961426, 2.230297327041626, 1.8907725811004639, 1.6266411542892456, 1.403420090675354, 1.213391900062561, 1.0750584602355957, 0.9542814493179321, 0.8499094247817993, 0.763146162033081, 0.6916725039482117, 0.6341767907142639, 0.5802704691886902, 0.5347277522087097, 0.4920165538787842, 0.4602307677268982, 0.4325316250324249, 0.4060957133769989, 0.38674822449684143, 0.3626060485839844, 0.3437504768371582, 0.33031004667282104, 0.31177130341529846, 0.2997220754623413, 0.2899927794933319, 0.2775043547153473, 0.26916950941085815, 0.25915414094924927, 0.25090140104293823, 0.2410426288843155, 0.23579975962638855, 0.22984732687473297, 0.22457830607891083, 0.21693938970565796, 0.21330536901950836, 0.2084355503320694, 0.20158475637435913, 0.19871531426906586, 0.19330991804599762]
Checkpoint index: 300, Loss values: [13.531068801879883, 12.30524730682373, 10.866646766662598, 9.506357192993164, 8.149381637573242, 6.829874038696289, 5.636822700500488, 4.717128753662109, 3.8370378017425537, 3.2007498741149902, 2.660301923751831, 2.2343733310699463, 1.8869684934616089, 1.6216355562210083, 1.3970255851745605, 1.2080823183059692, 1.0606950521469116, 0.9413366913795471, 0.839427649974823, 0.7523803114891052, 0.6807144284248352, 0.6227154731750488, 0.5670828223228455, 0.5193427801132202, 0.48241230845451355, 0.4474456012248993, 0.4207767844200134, 0.39461103081703186, 0.373915433883667, 0.35232603549957275, 0.3329526484012604, 0.31600531935691833, 0.29783931374549866, 0.2876489758491516, 0.27710968255996704, 0.26427462697029114, 0.2562357485294342, 0.24531368911266327, 0.23794642090797424, 0.228845477104187, 0.22248396277427673, 0.21659354865550995, 0.20943477749824524, 0.20282603800296783, 0.199485182762146, 0.19426029920578003, 0.18850889801979065, 0.18474389612674713, 0.17979426681995392]
Checkpoint index: 400, Loss values: [13.486790657043457, 12.32024097442627, 10.954962730407715, 9.632877349853516, 8.260763168334961, 6.953841686248779, 5.750599384307861, 4.810568332672119, 3.904578447341919, 3.2618799209594727, 2.7061996459960938, 2.2679271697998047, 1.9147051572799683, 1.6445090770721436, 1.4187767505645752, 1.2289925813674927, 1.0737296342849731, 0.9475122094154358, 0.8475161194801331, 0.7592610716819763, 0.6852057576179504, 0.6238479018211365, 0.5726504921913147, 0.521999716758728, 0.483905166387558, 0.45037752389907837, 0.42078137397766113, 0.3942928910255432, 0.37443748116493225, 0.3514624238014221, 0.3317614495754242, 0.31825658679008484, 0.29918694496154785, 0.28743666410446167, 0.27685219049453735, 0.2643287479877472, 0.25459539890289307, 0.24583914875984192, 0.23641245067119598, 0.2284562885761261, 0.2212541401386261, 0.2153145968914032, 0.20945987105369568, 0.20169901847839355, 0.19801370799541473, 0.19367289543151855, 0.18704649806022644, 0.18344026803970337, 0.17875024676322937]
Checkpoint index: 500, Loss values: [13.662818908691406, 12.448884010314941, 11.097894668579102, 9.815019607543945, 8.485167503356934, 7.144607067108154, 5.898824691772461, 4.926678657531738, 3.997429609298706, 3.329415798187256, 2.7489731311798096, 2.298736333847046, 1.944078803062439, 1.6642435789108276, 1.434798240661621, 1.2350894212722778, 1.0839922428131104, 0.9587743878364563, 0.8544451594352722, 0.7691484093666077, 0.6935650706291199, 0.6294469237327576, 0.5782967805862427, 0.5288102626800537, 0.4886727035045624, 0.4546969532966614, 0.4256993532180786, 0.3988422453403473, 0.37842875719070435, 0.35634297132492065, 0.3355671465396881, 0.3205708861351013, 0.3036242425441742, 0.2903626263141632, 0.2795493006706238, 0.2669435739517212, 0.25794073939323425, 0.2482423335313797, 0.23930470645427704, 0.23185212910175323, 0.22481456398963928, 0.21812762320041656, 0.2111232429742813, 0.20435987412929535, 0.20006513595581055, 0.19500580430030823, 0.1889715939760208, 0.18517908453941345, 0.1807062029838562]

Quinfig
-------
config: confs/linear_regression_icl9.yaml
data:
  data_dim: 10
  noise: false
  num_examples: 10000000
  prompt_max_len_test: 50
  prompt_max_len_train: 50
model:
  activations:
  - ReLU
  architecture: MLP_large
  batch_norms:
  - true
  dropouts:
  - 0.0
  input_dim: 11
  layer_norms:
  - false
  lr: 0.0001
  num_epochs: 500
  output_dim: 1
  psi_hidden_dim: 500
  psi_output_dim: 100
  rho_hidden_dim: 500
  rho_output_dim: 100
  xi_hidden_dim: 500
out_dir: /private/home/kartikahuja/icl/models/
wandb_entity: kartik-ahuja

MLPset(
  (psi): Sequential(
    (0): Linear(in_features=11, out_features=500, bias=True)
    (1): BatchNorm1d(500, eps=1e-05, momentum=0.1, affine=True, track_running_stats=True)
    (2): ReLU()
    (3): Linear(in_features=500, out_features=500, bias=True)
    (4): BatchNorm1d(500, eps=1e-05, momentum=0.1, affine=True, track_running_stats=True)
    (5): ReLU()
    (6): Linear(in_features=500, out_features=500, bias=True)
    (7): BatchNorm1d(500, eps=1e-05, momentum=0.1, affine=True, track_running_stats=True)
    (8): ReLU()
    (9): Linear(in_features=500, out_features=500, bias=True)
    (10): BatchNorm1d(500, eps=1e-05, momentum=0.1, affine=True, track_running_stats=True)
    (11): ReLU()
    (12): Linear(in_features=500, out_features=500, bias=True)
    (13): BatchNorm1d(500, eps=1e-05, momentum=0.1, affine=True, track_running_stats=True)
    (14): ReLU()
    (15): Linear(in_features=500, out_features=500, bias=True)
    (16): BatchNorm1d(500, eps=1e-05, momentum=0.1, affine=True, track_running_stats=True)
    (17): ReLU()
    (18): Linear(in_features=500, out_features=500, bias=True)
    (19): BatchNorm1d(500, eps=1e-05, momentum=0.1, affine=True, track_running_stats=True)
    (20): ReLU()
    (21): Linear(in_features=500, out_features=500, bias=True)
    (22): BatchNorm1d(500, eps=1e-05, momentum=0.1, affine=True, track_running_stats=True)
    (23): ReLU()
    (24): Linear(in_features=500, out_features=500, bias=True)
    (25): BatchNorm1d(500, eps=1e-05, momentum=0.1, affine=True, track_running_stats=True)
    (26): ReLU()
    (27): Linear(in_features=500, out_features=100, bias=True)
  )
  (rho): Sequential(
    (0): Linear(in_features=100, out_features=500, bias=True)
    (1): BatchNorm1d(500, eps=1e-05, momentum=0.1, affine=True, track_running_stats=True)
    (2): ReLU()
    (3): Linear(in_features=500, out_features=500, bias=True)
    (4): BatchNorm1d(500, eps=1e-05, momentum=0.1, affine=True, track_running_stats=True)
    (5): ReLU()
    (6): Linear(in_features=500, out_features=500, bias=True)
    (7): BatchNorm1d(500, eps=1e-05, momentum=0.1, affine=True, track_running_stats=True)
    (8): ReLU()
    (9): Linear(in_features=500, out_features=500, bias=True)
    (10): BatchNorm1d(500, eps=1e-05, momentum=0.1, affine=True, track_running_stats=True)
    (11): ReLU()
    (12): Linear(in_features=500, out_features=500, bias=True)
    (13): BatchNorm1d(500, eps=1e-05, momentum=0.1, affine=True, track_running_stats=True)
    (14): ReLU()
    (15): Linear(in_features=500, out_features=500, bias=True)
    (16): BatchNorm1d(500, eps=1e-05, momentum=0.1, affine=True, track_running_stats=True)
    (17): ReLU()
    (18): Linear(in_features=500, out_features=500, bias=True)
    (19): BatchNorm1d(500, eps=1e-05, momentum=0.1, affine=True, track_running_stats=True)
    (20): ReLU()
    (21): Linear(in_features=500, out_features=500, bias=True)
    (22): BatchNorm1d(500, eps=1e-05, momentum=0.1, affine=True, track_running_stats=True)
    (23): ReLU()
    (24): Linear(in_features=500, out_features=500, bias=True)
    (25): BatchNorm1d(500, eps=1e-05, momentum=0.1, affine=True, track_running_stats=True)
    (26): ReLU()
    (27): Linear(in_features=500, out_features=100, bias=True)
  )
  (xi): Sequential(
    (0): Linear(in_features=110, out_features=500, bias=True)
    (1): BatchNorm1d(500, eps=1e-05, momentum=0.1, affine=True, track_running_stats=True)
    (2): ReLU()
    (3): Linear(in_features=500, out_features=500, bias=True)
    (4): BatchNorm1d(500, eps=1e-05, momentum=0.1, affine=True, track_running_stats=True)
    (5): ReLU()
    (6): Linear(in_features=500, out_features=500, bias=True)
    (7): BatchNorm1d(500, eps=1e-05, momentum=0.1, affine=True, track_running_stats=True)
    (8): ReLU()
    (9): Linear(in_features=500, out_features=500, bias=True)
    (10): BatchNorm1d(500, eps=1e-05, momentum=0.1, affine=True, track_running_stats=True)
    (11): ReLU()
    (12): Linear(in_features=500, out_features=500, bias=True)
    (13): BatchNorm1d(500, eps=1e-05, momentum=0.1, affine=True, track_running_stats=True)
    (14): ReLU()
    (15): Linear(in_features=500, out_features=1, bias=True)
  )
)
/private/home/kartikahuja/icl/models/run_2ajd8kxz/model_checkpoint_100.pt
/private/home/kartikahuja/icl/models/run_2ajd8kxz/model_checkpoint_200.pt
/private/home/kartikahuja/icl/models/run_2ajd8kxz/model_checkpoint_300.pt
/private/home/kartikahuja/icl/models/run_2ajd8kxz/model_checkpoint_400.pt
/private/home/kartikahuja/icl/models/run_2ajd8kxz/model_checkpoint_500.pt
Checkpoint index: 100, Loss values: [12.117175102233887, 11.0150728225708, 9.892178535461426, 8.649247169494629, 7.479991436004639, 6.398388862609863, 5.425148963928223, 4.632058143615723, 3.8960585594177246, 3.335944652557373, 2.847933769226074, 2.4703898429870605, 2.1358940601348877, 1.882021188735962, 1.6648410558700562, 1.4693315029144287, 1.317950963973999, 1.188385009765625, 1.088651418685913, 0.990638256072998, 0.9054681658744812, 0.8358780145645142, 0.7789000272750854, 0.7251582145690918, 0.6729869842529297, 0.632411003112793, 0.5994554162025452, 0.5672305822372437, 0.5393579006195068, 0.5133890509605408, 0.4838425815105438, 0.46807146072387695, 0.44676485657691956, 0.4272896349430084, 0.41301560401916504, 0.39581334590911865, 0.3827495574951172, 0.3691560626029968, 0.35764601826667786, 0.3483652174472809, 0.33752644062042236, 0.3285313546657562, 0.32076752185821533, 0.3133901357650757, 0.30560049414634705, 0.29956144094467163, 0.2910594940185547, 0.2861614525318146, 0.2793118953704834]
Checkpoint index: 200, Loss values: [13.379243850708008, 11.873208045959473, 10.64116382598877, 9.332537651062012, 8.098836898803711, 6.920642375946045, 5.85578727722168, 4.984869956970215, 4.165257930755615, 3.5424797534942627, 3.018712043762207, 2.590441942214966, 2.2377498149871826, 1.9597289562225342, 1.7281416654586792, 1.5180124044418335, 1.3521335124969482, 1.221709966659546, 1.113166093826294, 1.0101053714752197, 0.9266306757926941, 0.8537716269493103, 0.78983074426651, 0.7335404753684998, 0.6814906001091003, 0.6402981281280518, 0.6044963002204895, 0.5693728923797607, 0.5379371047019958, 0.5145511627197266, 0.4841538965702057, 0.467536985874176, 0.444206178188324, 0.4275470972061157, 0.4109326899051666, 0.39284515380859375, 0.37910303473472595, 0.36606696248054504, 0.3544839918613434, 0.3448258340358734, 0.3338838219642639, 0.32420778274536133, 0.3161267936229706, 0.30848947167396545, 0.3014431595802307, 0.2925378680229187, 0.2856336236000061, 0.2806375324726105, 0.2755497992038727]
Checkpoint index: 300, Loss values: [13.343283653259277, 12.162003517150879, 10.881985664367676, 9.494043350219727, 8.224065780639648, 7.0150346755981445, 5.921061038970947, 5.032464027404785, 4.217930793762207, 3.5731637477874756, 3.0407326221466064, 2.5976414680480957, 2.2367517948150635, 1.9538369178771973, 1.722404956817627, 1.5143191814422607, 1.35011887550354, 1.2165415287017822, 1.1095612049102783, 1.0070852041244507, 0.9218138456344604, 0.8528351187705994, 0.791226863861084, 0.7300272583961487, 0.6811873912811279, 0.6403035521507263, 0.6060497760772705, 0.5716413855552673, 0.5398563742637634, 0.5161293148994446, 0.4834631383419037, 0.4666963219642639, 0.44554805755615234, 0.4299173355102539, 0.4125094711780548, 0.39418503642082214, 0.3815588653087616, 0.3679231107234955, 0.35559311509132385, 0.3458394408226013, 0.3349599540233612, 0.3267209827899933, 0.3176378011703491, 0.3109077513217926, 0.30318400263786316, 0.29556477069854736, 0.2866649031639099, 0.2831452488899231, 0.27728816866874695]
Checkpoint index: 400, Loss values: [13.156071662902832, 11.664630889892578, 10.483975410461426, 9.27668571472168, 8.147147178649902, 7.036084175109863, 5.998751163482666, 5.1203932762146, 4.302642345428467, 3.659409523010254, 3.11430025100708, 2.666646957397461, 2.2810239791870117, 1.9909265041351318, 1.7473541498184204, 1.5377622842788696, 1.3669472932815552, 1.2295054197311401, 1.1205625534057617, 1.012493371963501, 0.9325500726699829, 0.855645477771759, 0.7916184663772583, 0.7336030006408691, 0.679763674736023, 0.6391054391860962, 0.6032179594039917, 0.5701485276222229, 0.5366792678833008, 0.5114306211471558, 0.48004278540611267, 0.4628898799419403, 0.4401763379573822, 0.42437514662742615, 0.40617692470550537, 0.38811513781547546, 0.37460532784461975, 0.3609953820705414, 0.34875956177711487, 0.3383541405200958, 0.32746168971061707, 0.3196587562561035, 0.3109275698661804, 0.3031374216079712, 0.29514309763908386, 0.2873817980289459, 0.2789882719516754, 0.27332866191864014, 0.2696130573749542]
Checkpoint index: 500, Loss values: [13.021096229553223, 11.753826141357422, 10.587628364562988, 9.392999649047852, 8.224674224853516, 7.107847213745117, 6.052730560302734, 5.173407077789307, 4.339821815490723, 3.6799468994140625, 3.1322596073150635, 2.677161455154419, 2.300069570541382, 1.9997748136520386, 1.753278374671936, 1.5453763008117676, 1.3745216131210327, 1.2319262027740479, 1.1199333667755127, 1.014793038368225, 0.9329752922058105, 0.8577938675880432, 0.7941673398017883, 0.7339901924133301, 0.6804880499839783, 0.6413717269897461, 0.6031084060668945, 0.5683735013008118, 0.5345558524131775, 0.5105313658714294, 0.47955581545829773, 0.46232208609580994, 0.4389655590057373, 0.42336127161979675, 0.40413957834243774, 0.387668251991272, 0.37544137239456177, 0.36102092266082764, 0.3491741120815277, 0.3386624753475189, 0.32596758008003235, 0.31918632984161377, 0.31019675731658936, 0.3018880784511566, 0.29482537508010864, 0.2856619656085968, 0.2778724133968353, 0.27307817339897156, 0.26862987875938416]

